date,TempEau,TempAir,TempPAC,TempInt,PHVal,RedoxVal,CLVal,PompePH,PompeCL,PompeALG,PP,PAC,Auto
27-09-23 15:59:07,2500,0,0,0,0,0,0,0,0,0,0,0,1
27-09-23 15:59:08,2500,0,0,0,0,0,0,0,0,0,0,0,1
27-09-23 15:59:08,2500,0,0,0,0,0,0,0,0,0,0,0,1
27-09-23 15:59:08,2500,0,0,0,0,0,0,0,0,0,0,0,1
27-09-23 15:59:08,2500,0,0,0,0,0,0,0,0,0,0,0,1
27-09-23 15:59:09,2500,0,0,0,0,0,0,0,0,0,421,0,1
27-09-23 15:59:09,2500,0,0,0,0,0,0,0,0,0,421,0,1
27-09-23 15:59:09,2500,0,0,0,0,0,0,0,0,0,421,0,1
27-09-23 15:59:09,2500,0,0,0,0,0,0,0,0,0,421,0,1
27-09-23 15:59:10,2500,0,0,0,0,0,0,0,0,0,421,0,1
27-09-23 15:59:13,2500,0,0,0,0,0,0,0,0,0,421,0,1
27-09-23 16:00:13,2500,0,0,0,0,0,0,0,0,0,420,0,1
27-09-23 16:00:48,2500,0,0,0,0,0,20,0,0,0,420,0,1
27-09-23 16:00:49,2500,0,0,0,696,423,20,0,0,0,420,0,1
27-09-23 16:01:13,2500,0,0,0,696,423,20,0,0,0,419,0,1
27-09-23 16:02:13,2500,0,0,0,696,423,20,0,0,0,418,0,1
27-09-23 16:02:53,2500,0,0,0,696,423,20,0,0,0,418,0,1
27-09-23 16:02:54,2500,0,0,0,696,492,20,0,0,0,418,0,1
27-09-23 16:03:13,2500,0,0,0,696,492,20,0,0,0,417,0,1
27-09-23 16:04:13,2500,0,0,0,696,492,20,0,0,0,416,0,1
27-09-23 16:04:58,2500,0,0,0,696,492,-100,0,0,0,416,0,1
27-09-23 16:04:59,2500,0,0,0,-13139,546,-100,0,0,0,416,0,1
27-09-23 16:05:18,2500,0,0,0,-13139,546,-100,0,0,0,415,0,1
27-09-23 16:06:18,2500,0,0,0,-13139,546,-100,0,0,0,414,0,1
27-09-23 16:07:03,2500,0,0,0,-13139,546,-100,0,0,0,414,0,1
27-09-23 16:07:04,2500,0,0,0,-13139,565,-100,0,0,0,414,0,1
27-09-23 16:07:18,2500,0,0,0,-13139,565,-100,0,0,0,413,0,1
27-09-23 16:08:18,2500,0,0,0,-13139,565,-100,0,0,0,412,0,1
27-09-23 16:08:48,2500,0,0,0,-13139,565,-100,0,0,0,412,1,1
27-09-23 16:09:08,2500,0,0,0,-13139,565,-100,0,0,0,412,1,1
27-09-23 16:09:09,2500,0,0,0,-13139,546,-100,0,0,0,412,1,1
27-09-23 16:09:18,2500,0,0,0,-13139,546,-100,0,0,0,411,1,1
27-09-23 16:10:18,2500,0,0,0,-13139,546,-100,0,0,0,410,1,1
27-09-23 16:11:13,2500,0,0,0,-13139,546,-100,0,0,0,410,1,1
27-09-23 16:11:14,2500,0,0,0,-13139,323,-100,0,0,0,410,1,1
27-09-23 16:11:18,2500,0,0,0,-13139,323,-100,0,0,0,409,1,1
27-09-23 16:12:18,2500,0,0,0,-13139,323,-100,0,0,0,408,1,1
27-09-23 16:13:18,2500,0,0,0,-13139,323,-100,0,0,0,408,1,1
27-09-23 16:13:19,2500,0,0,0,-13139,306,-100,0,0,0,408,1,1
27-09-23 16:13:19,2500,0,0,0,-13139,306,-100,0,0,0,407,1,1
27-09-23 16:13:50,2525,0,0,0,-13139,306,-100,0,0,0,407,1,1
27-09-23 16:14:23,2525,0,0,0,-13139,306,-100,0,0,0,406,1,1
27-09-23 16:15:23,2525,0,0,0,-13139,306,-100,0,0,0,406,1,1
27-09-23 16:15:24,2525,0,0,0,-13139,203,-100,0,0,0,406,1,1
27-09-23 16:15:24,2525,0,0,0,-13139,203,-100,0,0,0,405,1,1
27-09-23 16:16:23,2525,0,0,0,-13139,203,-100,0,0,0,404,1,1
27-09-23 16:17:23,2525,0,0,0,-13139,203,-100,0,0,0,403,1,1
27-09-23 16:17:28,2525,0,0,0,-13139,203,-100,0,0,0,403,1,1
27-09-23 16:17:29,2525,0,0,0,-13139,233,-100,0,0,0,403,1,1
27-09-23 16:18:23,2525,0,0,0,-13139,233,-100,0,0,0,402,1,1
27-09-23 16:18:53,2525,0,0,0,-13139,233,-100,0,0,0,402,1,1
27-09-23 16:20:49,2575,0,0,0,0,0,0,0,0,0,0,0,1
27-09-23 16:20:49,2575,0,0,0,0,0,0,0,0,0,0,0,1
27-09-23 16:20:49,2575,0,0,0,0,0,0,0,0,0,0,0,1
27-09-23 16:20:50,2575,0,0,0,0,0,0,0,0,0,0,0,1
27-09-23 16:20:50,2575,0,0,0,0,0,0,0,0,0,0,0,1
27-09-23 16:20:50,2575,0,0,0,0,0,0,0,0,0,0,0,1
27-09-23 16:20:50,2575,0,0,0,0,0,0,0,0,0,0,0,1
27-09-23 16:20:51,2575,0,0,0,0,0,0,0,0,0,400,0,1
27-09-23 16:20:51,2575,0,0,0,0,0,0,0,0,0,400,0,1
27-09-23 16:20:51,2575,0,0,0,0,0,0,0,0,0,400,0,1
27-09-23 16:20:56,2575,0,0,0,0,0,0,0,0,0,400,0,1
27-09-23 16:21:56,2575,0,0,0,0,0,0,0,0,0,399,0,1
27-09-23 16:22:31,2575,0,0,0,0,0,-100,0,0,0,399,0,1
27-09-23 16:22:31,2575,0,0,0,24480,308,-100,0,0,0,399,0,1
27-09-23 16:22:56,2575,0,0,0,24480,308,-100,0,0,0,398,0,1
27-09-23 16:23:56,2575,0,0,0,24480,308,-100,0,0,0,397,0,1
27-09-23 16:24:36,2575,0,0,0,24480,308,-100,0,0,0,397,0,1
27-09-23 16:24:36,2575,0,0,0,12708,249,-100,0,0,0,397,0,1
27-09-23 16:24:56,2575,0,0,0,12708,249,-100,0,0,0,396,0,1
27-09-23 16:25:56,2575,0,0,0,12708,249,-100,0,0,0,395,0,1
27-09-23 16:26:41,2575,0,0,0,12708,249,-100,0,0,0,395,0,1
27-09-23 16:26:41,2575,0,0,0,-26981,240,-100,0,0,0,395,0,1
27-09-23 16:26:56,2575,0,0,0,-26981,240,-100,0,0,0,394,0,1
27-09-23 16:27:56,2575,0,0,0,-26981,240,-100,0,0,0,393,0,1
27-09-23 16:28:46,2575,0,0,0,-26981,240,-100,0,0,0,393,0,1
27-09-23 16:28:46,2575,0,0,0,12770,362,-100,0,0,0,393,0,1
27-09-23 16:28:56,2575,0,0,0,12770,362,-100,0,0,0,392,0,1
27-09-23 16:29:56,2575,0,0,0,12770,362,-100,0,0,0,391,0,1
27-09-23 16:30:31,2575,0,0,0,12770,362,-100,0,0,0,391,1,1
27-09-23 16:30:51,2575,0,0,0,12770,362,-100,0,0,0,391,1,1
27-09-23 16:30:51,2575,0,0,0,28260,416,-100,0,0,0,391,1,1
27-09-23 16:30:56,2575,0,0,0,28260,416,-100,0,0,0,390,1,1
27-09-23 16:31:56,2575,0,0,0,28260,416,-100,0,0,0,389,1,1
27-09-23 16:32:56,2575,0,0,0,28260,416,-100,0,0,0,389,1,1
27-09-23 16:32:56,2575,0,0,0,-26940,460,-100,0,0,0,389,1,1
27-09-23 16:32:56,2575,0,0,0,-26940,460,-100,0,0,0,388,1,1
27-09-23 16:33:56,2575,0,0,0,-26940,460,-100,0,0,0,387,1,1
27-09-23 16:34:56,2575,0,0,0,-26940,460,-100,0,0,0,386,1,1
27-09-23 16:35:01,2575,0,0,0,-26940,460,-100,0,0,0,386,1,1
27-09-23 16:35:01,2575,0,0,0,23825,457,-100,0,0,0,386,1,1
27-09-23 16:35:33,2550,0,0,0,23825,457,-100,0,0,0,386,1,1
27-09-23 16:35:56,2550,0,0,0,23825,457,-100,0,0,0,385,1,1
27-09-23 16:36:56,2550,0,0,0,23825,457,-100,0,0,0,384,1,1
27-09-23 16:37:06,2550,0,0,0,23825,457,-100,0,0,0,384,1,1
27-09-23 16:37:06,2550,0,0,0,32128,441,-100,0,0,0,384,1,1
27-09-23 16:37:56,2550,0,0,0,32128,441,-100,0,0,0,383,1,1
27-09-23 16:38:56,2550,0,0,0,32128,441,-100,0,0,0,382,1,1
27-09-23 16:39:11,2550,0,0,0,32128,441,-100,0,0,0,382,1,1
27-09-23 16:39:11,2550,0,0,0,21381,484,-100,0,0,0,382,1,1
27-09-23 16:39:56,2550,0,0,0,21381,484,-100,0,0,0,381,1,1
27-09-23 16:40:36,2550,0,0,0,21381,484,-100,0,0,0,381,1,1
27-09-23 16:40:56,2550,0,0,0,21381,484,-100,0,0,0,380,1,1
27-09-23 16:41:16,2550,0,0,0,21381,484,-100,0,0,0,380,1,1
27-09-23 16:41:16,2550,0,0,0,28240,452,-100,0,0,0,380,1,1
27-09-23 16:41:56,2550,0,0,0,28240,452,-100,0,0,0,379,1,1
27-09-23 16:42:56,2550,0,0,0,28240,452,-100,0,0,0,378,1,1
27-09-23 16:43:21,2550,0,0,0,28240,452,-100,0,0,0,378,1,1
27-09-23 16:43:21,2550,0,0,0,28260,480,-100,0,0,0,378,1,1
27-09-23 16:43:56,2550,0,0,0,28260,480,-100,0,0,0,377,1,1
27-09-23 16:44:56,2550,0,0,0,28260,480,-100,0,0,0,376,1,1
27-09-23 16:45:26,2550,0,0,0,28260,480,-100,0,0,0,376,1,1
27-09-23 16:45:26,2550,0,0,0,28240,539,-100,0,0,0,376,1,1
27-09-23 16:45:56,2550,0,0,0,28240,539,-100,0,0,0,375,1,1
27-09-23 16:46:56,2550,0,0,0,28240,539,-100,0,0,0,374,1,1
27-09-23 16:47:31,2550,0,0,0,28240,539,60,0,0,0,374,1,1
27-09-23 16:47:31,2550,0,0,0,724,627,60,0,0,0,374,1,1
27-09-23 16:47:56,2550,0,0,0,724,627,60,0,0,0,373,1,1
27-09-23 16:48:56,2550,0,0,0,724,627,60,0,0,0,372,1,1
27-09-23 16:49:36,2550,0,0,0,724,627,60,0,0,0,372,1,1
27-09-23 16:49:36,2550,0,0,0,710,626,60,0,0,0,372,1,1
27-09-23 16:49:56,2550,0,0,0,710,626,60,0,0,0,371,1,1
27-09-23 16:50:33,2562,0,0,0,710,626,60,0,0,0,371,1,1
27-09-23 16:50:41,2562,0,0,0,710,626,60,0,0,0,371,1,1
27-09-23 16:50:56,2562,0,0,0,710,626,60,0,0,0,370,1,1
27-09-23 16:51:41,2562,0,0,0,710,626,60,0,200,0,370,1,1
27-09-23 16:51:41,2562,0,0,0,710,532,30,0,200,0,370,1,1
27-09-23 16:51:41,2562,0,0,0,669,532,30,0,200,0,370,1,1
27-09-23 16:51:46,2562,0,0,0,669,532,30,0,195,0,370,1,1
27-09-23 16:51:51,2562,0,0,0,669,532,30,0,190,0,370,1,1
27-09-23 16:51:56,2562,0,0,0,669,532,30,0,185,0,370,1,1
27-09-23 16:51:56,2562,0,0,0,669,532,30,0,185,0,369,1,1
27-09-23 16:52:01,2562,0,0,0,669,532,30,0,180,0,369,1,1
27-09-23 16:52:06,2562,0,0,0,669,532,30,0,175,0,369,1,1
27-09-23 16:52:11,2562,0,0,0,669,532,30,0,170,0,369,1,1
27-09-23 16:52:16,2562,0,0,0,669,532,30,0,165,0,369,1,1
27-09-23 16:52:21,2562,0,0,0,669,532,30,0,160,0,369,1,1
27-09-23 16:52:26,2562,0,0,0,669,532,30,0,155,0,369,1,1
27-09-23 16:53:38,2581,0,0,0,0,0,0,0,0,0,0,0,1
27-09-23 16:53:38,2581,0,0,0,0,0,0,0,0,0,0,0,1
27-09-23 16:53:39,2581,0,0,0,0,0,0,0,0,0,0,0,1
27-09-23 16:53:39,2581,0,0,0,0,0,0,0,0,0,0,0,1
27-09-23 16:53:39,2581,0,0,0,0,0,0,0,0,0,0,0,1
27-09-23 16:53:39,2581,0,0,0,0,0,0,0,0,0,0,0,1
27-09-23 16:53:40,2581,0,0,0,0,0,0,0,0,0,367,0,1
27-09-23 16:53:40,2581,0,0,0,0,0,0,0,0,0,367,0,1
27-09-23 16:53:40,2581,0,0,0,0,0,0,0,0,0,367,0,1
27-09-23 16:53:40,2581,0,0,0,0,0,0,0,0,0,367,0,1
27-09-23 16:53:44,2581,0,0,0,0,0,0,0,0,0,367,0,1
27-09-23 16:54:27,2581,0,0,0,0,0,0,0,0,0,367,0,1
27-09-23 16:54:44,2581,0,0,0,0,0,0,0,0,0,366,0,1
27-09-23 16:55:19,2581,0,0,0,0,0,10,0,0,0,366,0,1
27-09-23 16:55:20,2581,0,0,0,696,367,10,0,0,0,366,0,1
27-09-23 16:55:44,2581,0,0,0,696,367,10,0,0,0,365,0,1
27-09-23 16:56:44,2581,0,0,0,696,367,10,0,0,0,364,0,1
27-09-23 16:57:24,2581,0,0,0,696,367,20,0,0,0,364,0,1
27-09-23 16:57:25,2581,0,0,0,696,491,20,0,0,0,364,0,1
27-09-23 16:57:44,2581,0,0,0,696,491,20,0,0,0,363,0,1
27-09-23 16:58:44,2581,0,0,0,696,491,20,0,0,0,362,0,1
27-09-23 16:59:29,2581,0,0,0,696,491,-100,0,0,0,362,0,1
27-09-23 16:59:30,2581,0,0,0,-13139,533,-100,0,0,0,362,0,1
27-09-23 16:59:44,2581,0,0,0,-13139,533,-100,0,0,0,361,0,1
27-09-23 17:00:44,2581,0,0,0,-13139,533,-100,0,0,0,360,0,1
27-09-23 17:01:34,2581,0,0,0,-13139,533,-100,0,0,0,360,0,1
27-09-23 17:01:35,2581,0,0,0,-26062,548,-100,0,0,0,360,0,1
27-09-23 17:01:44,2581,0,0,0,-26062,548,-100,0,0,0,359,0,1
27-09-23 17:06:10,2600,0,0,0,0,0,0,0,0,0,0,0,1
27-09-23 17:06:10,2600,0,0,0,0,0,0,0,0,0,0,0,1
27-09-23 17:06:11,2600,0,0,0,0,0,0,0,0,0,0,0,1
27-09-23 17:06:11,2600,0,0,0,0,0,0,0,0,0,0,0,1
27-09-23 17:06:11,2600,0,0,0,0,0,0,0,0,0,0,0,1
27-09-23 17:06:11,2600,0,0,0,0,0,0,0,0,0,0,0,1
27-09-23 17:06:12,2600,0,0,0,0,0,0,0,0,0,354,0,1
27-09-23 17:06:12,2600,0,0,0,0,0,0,0,0,0,354,0,1
27-09-23 17:06:12,2600,0,0,0,0,0,0,0,0,0,354,0,1
27-09-23 17:06:12,2600,0,0,0,0,0,0,0,0,0,354,0,1
27-09-23 17:06:16,2600,0,0,0,0,0,0,0,0,0,354,0,1
27-09-23 17:07:16,2600,0,0,0,0,0,0,0,0,0,353,0,1
27-09-23 17:07:29,2600,0,0,0,0,0,0,0,0,0,353,0,1
27-09-23 17:07:30,2600,2562,0,0,0,0,0,0,0,0,353,0,1
27-09-23 17:07:51,2600,2562,0,0,0,0,-100,0,0,0,353,0,1
27-09-23 17:07:52,2600,2562,0,0,24480,243,-100,0,0,0,353,0,1
27-09-23 17:08:16,2600,2562,0,0,24480,243,-100,0,0,0,352,0,1
27-09-23 17:09:16,2600,2562,0,0,24480,243,-100,0,0,0,351,0,1
27-09-23 17:09:56,2600,2562,0,0,24480,243,-100,0,0,0,351,0,1
27-09-23 17:09:57,2600,2562,0,0,12708,-127,-100,0,0,0,351,0,1
27-09-23 17:10:32,0,0,0,0,0,0,0,0,0,0,350,0,0
27-09-23 17:10:35,2600,2562,0,0,12708,-127,-100,0,0,0,350,0,1
27-09-23 17:10:36,2600,2562,0,0,12708,-127,-100,0,0,0,350,0,1
27-09-23 17:10:36,2600,2562,0,0,12708,-127,-100,0,0,0,350,0,1
27-09-23 17:10:36,2600,2562,0,0,12708,-127,-100,0,0,0,350,0,1
27-09-23 17:10:36,2600,2562,0,0,12708,-127,-100,0,0,0,350,0,1
27-09-23 17:10:37,2600,2562,0,0,12708,-127,-100,0,0,0,350,0,1
27-09-23 17:10:37,2600,2562,0,0,12708,-127,-100,0,0,0,350,0,1
27-09-23 17:10:37,2600,2562,0,0,12708,-127,-100,0,0,0,350,0,1
27-09-23 17:10:37,2600,2562,0,0,12708,-127,-100,0,0,0,350,0,1
27-09-23 17:10:38,2600,2562,0,0,12708,-127,-100,0,0,0,350,0,1
27-09-23 17:10:38,2600,2562,0,0,12708,-127,-100,0,0,0,350,0,1
27-09-23 17:10:38,2600,2562,0,0,12708,-127,-100,0,0,0,350,0,1
27-09-23 17:10:38,2600,2562,0,0,12708,-127,-100,0,0,0,350,0,1
27-09-23 17:11:22,0,0,0,0,0,0,0,0,0,0,349,0,0
27-09-23 17:11:22,2600,2562,0,0,12708,-127,-100,0,0,0,349,0,1
27-09-23 17:12:01,2600,2562,0,0,12708,-127,-100,0,0,0,349,0,1
27-09-23 17:12:01,2600,2562,0,0,-12742,239,-100,0,0,0,349,0,1
27-09-23 17:12:24,0,0,0,0,0,0,0,0,0,0,348,0,0
27-09-23 17:12:26,2600,2562,0,0,-12742,239,-100,0,0,0,348,0,1
27-09-23 17:12:26,2600,2562,0,0,-12742,239,-100,0,0,0,348,0,1
27-09-23 17:12:27,2600,2562,0,0,-12742,239,-100,0,0,0,348,0,1
27-09-23 17:12:27,2600,2562,0,0,-12742,239,-100,0,0,0,348,0,1
27-09-23 17:12:27,2600,2562,0,0,-12742,239,-100,0,0,0,348,0,1
27-09-23 17:12:27,2600,2562,0,0,-12742,239,-100,0,0,0,348,0,1
27-09-23 17:12:28,2600,2562,0,0,-12742,239,-100,0,0,0,348,0,1
27-09-23 17:12:28,2600,2562,0,0,-12742,239,-100,0,0,0,348,0,1
27-09-23 17:13:17,2600,2562,0,0,-12742,239,-100,0,0,0,347,0,1
27-09-23 17:13:51,2600,2562,0,0,-12742,239,-100,0,0,0,347,0,1
27-09-23 17:13:51,2600,2562,0,0,-12742,239,-100,0,0,0,347,0,1
27-09-23 17:13:51,2600,2562,0,0,-12742,239,-100,0,0,0,347,0,1
27-09-23 17:13:51,2600,2562,0,0,-12742,239,-100,0,0,0,347,0,1
27-09-23 17:13:52,2600,2562,0,0,-12742,239,-100,0,0,0,347,0,1
27-09-23 17:13:52,2600,2562,0,0,-12742,239,-100,0,0,0,347,0,1
27-09-23 17:13:52,2600,2562,0,0,-12742,239,-100,0,0,0,347,0,1
27-09-23 17:13:52,2600,2562,0,0,-12742,239,-100,0,0,0,347,0,1
27-09-23 17:13:53,2600,2562,0,0,-12742,239,-100,0,0,0,347,0,1
27-09-23 17:13:53,2600,2562,0,0,-12742,239,-100,0,0,0,347,0,1
27-09-23 17:14:07,2600,2562,0,0,-12742,239,-100,0,0,0,347,0,1
27-09-23 17:14:07,2600,2562,0,0,1607,1000,-100,0,0,0,347,0,1
27-09-23 17:14:17,2600,2562,0,0,1607,1000,-100,0,0,0,346,0,1
27-09-23 17:14:48,2600,2562,0,0,1607,1000,-100,0,0,0,346,0,1
27-09-23 17:14:48,2600,2562,0,0,1607,1000,-100,0,0,0,346,0,1
27-09-23 17:14:49,2600,2562,0,0,1607,1000,-100,0,0,0,346,0,1
27-09-23 17:14:49,2600,2562,0,0,1607,1000,-100,0,0,0,346,0,1
27-09-23 17:14:49,2600,2562,0,0,1607,1000,-100,0,0,0,346,0,1
27-09-23 17:14:49,2600,2562,0,0,1607,1000,-100,0,0,0,346,0,1
27-09-23 17:14:50,2600,2562,0,0,1607,1000,-100,0,0,0,346,0,1
27-09-23 17:14:50,2600,2562,0,0,1607,1000,-100,0,0,0,346,0,1
27-09-23 17:14:50,2600,2562,0,0,1607,1000,-100,0,0,0,346,0,1
27-09-23 17:14:50,2600,2562,0,0,1607,1000,-100,0,0,0,346,0,1
27-09-23 17:14:51,2600,2562,0,0,1607,1000,-100,0,0,0,346,0,1
27-09-23 17:14:51,2600,2562,0,0,1607,1000,-100,0,0,0,346,0,1
27-09-23 17:15:16,2600,2562,0,0,1607,1000,-100,0,0,0,345,0,1
27-09-23 17:15:46,2600,2562,0,0,1607,1000,-100,0,0,0,345,0,1
27-09-23 17:15:46,2600,2562,0,0,1607,1000,-100,0,0,0,345,0,1
27-09-23 17:15:46,2600,2562,0,0,1607,1000,-100,0,0,0,345,0,1
27-09-23 17:15:46,2600,2562,0,0,1607,1000,-100,0,0,0,345,0,1
27-09-23 17:15:47,2600,2562,0,0,1607,1000,-100,0,0,0,345,0,1
27-09-23 17:15:47,2600,2562,0,0,1607,1000,-100,0,0,0,345,0,1
27-09-23 17:15:47,2600,2562,0,0,1607,1000,-100,0,0,0,345,0,1
27-09-23 17:15:47,2600,2562,0,0,1607,1000,-100,0,0,0,345,0,1
27-09-23 17:15:48,2600,2562,0,0,1607,1000,-100,0,0,0,345,0,1
27-09-23 17:15:48,2600,2562,0,0,1607,1000,-100,0,0,0,345,0,1
27-09-23 17:16:12,2600,2562,0,0,1607,1000,-100,0,0,0,345,0,1
27-09-23 17:16:12,2600,2562,0,0,1778,1025,-100,0,0,0,345,0,1
27-09-23 17:16:17,2600,2562,0,0,1778,1025,-100,0,0,0,344,0,1
27-09-23 17:16:58,2600,2562,0,0,1778,1025,-100,0,0,0,344,0,1
27-09-23 17:16:58,2600,2562,0,0,1778,1025,-100,0,0,0,344,0,1
27-09-23 17:16:58,2600,2562,0,0,1778,1025,-100,0,0,0,344,0,1
27-09-23 17:16:58,2600,2562,0,0,1778,1025,-100,0,0,0,344,0,1
27-09-23 17:16:59,2600,2562,0,0,1778,1025,-100,0,0,0,344,0,1
27-09-23 17:16:59,2600,2562,0,0,1778,1025,-100,0,0,0,344,0,1
27-09-23 17:16:59,2600,2562,0,0,1778,1025,-100,0,0,0,344,0,1
27-09-23 17:16:59,2600,2562,0,0,1778,1025,-100,0,0,0,344,0,1
27-09-23 17:17:00,2600,2562,0,0,1778,1025,-100,0,0,0,344,0,1
27-09-23 17:17:00,2600,2562,0,0,1778,1025,-100,0,0,0,344,0,1
27-09-23 17:17:17,2600,2562,0,0,1778,1025,-100,0,0,0,343,0,1
27-09-23 17:18:17,2600,2562,0,0,1778,687,-100,0,0,0,343,0,1
27-09-23 17:18:17,2600,2562,0,0,436,687,-100,0,0,0,342,0,1
27-09-23 17:19:17,2600,2562,0,0,436,687,-100,0,0,0,341,0,1
27-09-23 17:20:17,2600,2562,0,0,436,687,-100,0,0,0,340,0,1
27-09-23 17:20:22,2600,2562,0,0,436,587,-100,0,0,0,340,0,1
27-09-23 17:20:22,2600,2562,0,0,621,587,-100,0,0,0,340,0,1
27-09-23 17:20:54,2593,2556,0,0,621,587,-100,0,0,0,340,0,1
27-09-23 17:21:17,2593,2556,0,0,621,587,-100,0,0,0,339,0,1
27-09-23 17:22:17,2593,2556,0,0,621,587,-100,0,0,0,338,0,1
27-09-23 17:22:27,2593,2556,0,0,621,674,70,0,0,0,338,0,1
27-09-23 17:22:27,2593,2556,0,0,662,674,70,0,0,0,338,0,1
27-09-23 17:23:17,2593,2556,0,0,662,674,70,0,0,0,337,0,1
27-09-23 17:24:17,2593,2556,0,0,662,674,70,0,0,0,336,0,1
27-09-23 17:24:32,2593,2556,0,0,662,591,-100,0,0,0,336,0,1
27-09-23 17:24:32,2593,2556,0,0,1600,591,-100,0,0,0,336,0,1
27-09-23 17:25:17,2593,2556,0,0,1600,591,-100,0,0,0,335,0,1
27-09-23 17:25:57,2593,2556,0,0,1600,591,-100,0,0,0,335,1,1
27-09-23 17:26:17,2593,2556,0,0,1600,591,-100,0,0,0,334,1,1
27-09-23 17:26:37,2593,2556,0,0,1600,-238,-100,0,0,0,334,1,1
27-09-23 17:26:37,2593,2556,0,0,375,-238,-100,0,0,0,334,1,1
27-09-23 17:27:17,2593,2556,0,0,375,-238,-100,0,0,0,333,1,1
27-09-23 17:28:17,2593,2556,0,0,375,-238,-100,0,0,0,332,1,1
27-09-23 17:28:42,2593,2556,0,0,375,494,-100,0,0,0,332,1,1
27-09-23 17:28:42,2593,2556,0,0,24480,494,-100,0,0,0,332,1,1
27-09-23 17:29:17,2593,2556,0,0,24480,494,-100,0,0,0,331,1,1
27-09-23 17:30:17,2593,2556,0,0,24480,494,-100,0,0,0,330,1,1
27-09-23 17:30:47,2593,2556,0,0,24480,449,-100,0,0,0,330,1,1
27-09-23 17:30:47,2593,2556,0,0,24720,449,-100,0,0,0,330,1,1
27-09-23 17:31:17,2593,2556,0,0,24720,449,-100,0,0,0,329,1,1
27-09-23 17:32:17,2593,2556,0,0,24720,449,-100,0,0,0,328,1,1
27-09-23 17:32:52,2593,2556,0,0,24720,548,-100,0,0,0,328,1,1
27-09-23 17:32:52,2593,2556,0,0,-21573,548,-100,0,0,0,328,1,1
27-09-23 17:33:17,2593,2556,0,0,-21573,548,-100,0,0,0,327,1,1
27-09-23 17:34:17,2593,2556,0,0,-21573,548,-100,0,0,0,326,1,1
27-09-23 17:34:57,2593,2556,0,0,-21573,558,-100,0,0,0,326,1,1
27-09-23 17:34:57,2593,2556,0,0,-21594,558,-100,0,0,0,326,1,1
27-09-23 17:35:17,2593,2556,0,0,-21594,558,-100,0,0,0,325,1,1
27-09-23 17:35:54,2618,2568,0,0,-21594,558,-100,0,0,0,325,1,1
27-09-23 17:35:57,2618,2568,0,0,-21594,558,-100,0,0,0,325,0,1
27-09-23 17:36:17,2618,2568,0,0,-21594,558,-100,0,0,0,324,0,1
27-09-23 17:37:02,2618,2568,0,0,-21594,558,-100,0,200,0,324,0,1
27-09-23 17:37:02,2618,2568,0,0,-21594,519,-100,1108,200,0,324,0,1
27-09-23 17:37:02,2618,2568,0,0,-21690,519,-100,1108,200,0,324,0,1
27-09-23 17:37:07,2618,2568,0,0,-21690,519,-100,1103,195,0,324,0,1
27-09-23 17:37:12,2618,2568,0,0,-21690,519,-100,1098,190,0,324,0,1
27-09-23 17:37:17,2618,2568,0,0,-21690,519,-100,1093,185,0,324,0,1
27-09-23 17:37:17,2618,2568,0,0,-21690,519,-100,1093,185,0,323,0,1
27-09-23 17:37:22,2618,2568,0,0,-21690,519,-100,1088,180,0,323,0,1
27-09-23 17:37:27,2618,2568,0,0,-21690,519,-100,1083,175,0,323,0,1
27-09-23 17:37:32,2618,2568,0,0,-21690,519,-100,1078,170,0,323,0,1
27-09-23 17:37:37,2618,2568,0,0,-21690,519,-100,1073,165,0,323,0,1
27-09-23 17:37:42,2618,2568,0,0,-21690,519,-100,1068,160,0,323,0,1
27-09-23 17:37:47,2618,2568,0,0,-21690,519,-100,1063,155,0,323,0,1
27-09-23 17:37:52,2618,2568,0,0,-21690,519,-100,1058,150,0,323,0,1
27-09-23 17:37:57,2618,2568,0,0,-21690,519,-100,1053,145,0,323,0,1
27-09-23 17:38:02,2618,2568,0,0,-21690,519,-100,1048,140,0,323,0,1
27-09-23 17:38:07,2618,2568,0,0,-21690,519,-100,1043,135,0,323,0,1
27-09-23 17:38:12,2618,2568,0,0,-21690,519,-100,1038,130,0,323,0,1
27-09-23 17:38:17,2618,2568,0,0,-21690,519,-100,1033,125,0,323,0,1
27-09-23 17:38:17,2618,2568,0,0,-21690,519,-100,1033,125,0,322,0,1
27-09-23 17:38:22,2618,2568,0,0,-21690,519,-100,1028,120,0,322,0,1
27-09-23 17:38:27,2618,2568,0,0,-21690,519,-100,1023,115,0,322,0,1
27-09-23 17:38:32,2618,2568,0,0,-21690,519,-100,1018,110,0,322,0,1
27-09-23 17:38:37,2618,2568,0,0,-21690,519,-100,1013,105,0,322,0,1
27-09-23 17:38:42,2618,2568,0,0,-21690,519,-100,1008,100,0,322,0,1
27-09-23 17:38:47,2618,2568,0,0,-21690,519,-100,1003,95,0,322,0,1
27-09-23 17:38:52,2618,2568,0,0,-21690,519,-100,998,90,0,322,0,1
27-09-23 17:38:57,2618,2568,0,0,-21690,519,-100,993,85,0,322,0,1
27-09-23 17:39:02,2618,2568,0,0,-21690,519,-100,988,80,0,322,0,1
27-09-23 17:39:07,2618,2568,0,0,-21690,519,-100,983,75,0,322,0,1
27-09-23 17:39:12,2618,2568,0,0,-21690,519,-100,978,70,0,322,0,1
27-09-23 17:39:17,2618,2568,0,0,-21690,519,-100,973,65,0,322,0,1
27-09-23 17:39:17,2618,2568,0,0,-21690,519,-100,973,65,0,321,0,1
27-09-23 17:39:22,2618,2568,0,0,-21690,519,-100,968,60,0,321,0,1
27-09-23 17:39:27,2618,2568,0,0,-21690,519,-100,963,55,0,321,0,1
27-09-23 17:39:32,2618,2568,0,0,-21690,519,-100,958,50,0,321,0,1
27-09-23 17:39:37,2618,2568,0,0,-21690,519,-100,953,45,0,321,0,1
27-09-23 17:39:42,2618,2568,0,0,-21690,519,-100,948,40,0,321,0,1
27-09-23 17:39:47,2618,2568,0,0,-21690,519,-100,943,35,0,321,0,1
27-09-23 17:39:52,2618,2568,0,0,-21690,519,-100,938,30,0,321,0,1
27-09-23 17:39:57,2618,2568,0,0,-21690,519,-100,933,25,0,321,0,1
27-09-23 17:40:02,2618,2568,0,0,-21690,519,-100,928,20,0,321,0,1
27-09-23 17:40:07,2618,2568,0,0,-21690,519,-100,928,15,0,321,0,1
27-09-23 17:40:07,2618,2568,0,0,-21690,496,-100,923,15,0,321,0,1
27-09-23 17:40:07,2618,2568,0,0,-21669,496,-100,923,15,0,321,0,1
27-09-23 17:40:12,2618,2568,0,0,-21669,496,-100,918,10,0,321,0,1
27-09-23 17:40:17,2618,2568,0,0,-21669,496,-100,913,5,0,321,0,1
27-09-23 17:40:17,2618,2568,0,0,-21669,496,-100,913,5,0,320,0,1
27-09-23 17:40:22,2618,2568,0,0,-21669,496,-100,908,0,0,320,0,1
27-09-23 17:40:27,2618,2568,0,0,-21669,496,-100,903,0,0,320,0,1
27-09-23 17:40:32,2618,2568,0,0,-21669,496,-100,898,0,0,320,0,1
27-09-23 17:40:37,2618,2568,0,0,-21669,496,-100,893,0,0,320,0,1
27-09-23 17:40:42,2618,2568,0,0,-21669,496,-100,888,0,0,320,0,1
27-09-23 17:40:47,2618,2568,0,0,-21669,496,-100,883,0,0,320,0,1
27-09-23 17:40:52,2618,2568,0,0,-21669,496,-100,878,0,0,320,0,1
27-09-23 17:40:57,2618,2568,0,0,-21669,496,-100,873,0,0,320,0,1
27-09-23 17:41:02,2618,2568,0,0,-21669,496,-100,868,0,0,320,0,1
27-09-23 17:41:07,2618,2568,0,0,-21669,496,-100,863,0,0,320,0,1
27-09-23 17:41:12,2618,2568,0,0,-21669,496,-100,858,0,0,320,0,1
27-09-23 17:41:17,2618,2568,0,0,-21669,496,-100,853,0,0,319,0,1
27-09-23 17:41:22,2618,2568,0,0,-21669,496,-100,848,0,0,319,0,1
27-09-23 17:41:27,2618,2568,0,0,-21669,496,-100,843,0,0,319,0,1
27-09-23 17:41:32,2618,2568,0,0,-21669,496,-100,838,0,0,319,0,1
27-09-23 17:41:37,2618,2568,0,0,-21669,496,-100,833,0,0,319,0,1
27-09-23 17:41:42,2618,2568,0,0,-21669,496,-100,828,0,0,319,0,1
27-09-23 17:41:47,2618,2568,0,0,-21669,496,-100,823,0,0,319,0,1
27-09-23 17:41:52,2618,2568,0,0,-21669,496,-100,818,0,0,319,0,1
27-09-23 17:41:57,2618,2568,0,0,-21669,496,-100,813,0,0,319,0,1
27-09-23 17:42:02,2618,2568,0,0,-21669,496,-100,808,0,0,319,0,1
27-09-23 17:42:07,2618,2568,0,0,-21669,496,-100,803,0,0,319,0,1
27-09-23 17:42:12,2618,2568,0,0,-21669,502,-100,803,0,0,319,0,1
27-09-23 17:42:12,2618,2568,0,0,-21669,502,-100,798,0,0,319,0,1
27-09-23 17:42:17,2618,2568,0,0,-21669,502,-100,793,0,0,318,0,1
27-09-23 17:42:22,2618,2568,0,0,-21669,502,-100,788,0,0,318,0,1
27-09-23 17:42:27,2618,2568,0,0,-21669,502,-100,783,0,0,318,0,1
27-09-23 17:42:32,2618,2568,0,0,-21669,502,-100,778,0,0,318,0,1
27-09-23 17:42:37,2618,2568,0,0,-21669,502,-100,773,0,0,318,0,1
27-09-23 17:42:42,2618,2568,0,0,-21669,502,-100,768,0,0,318,0,1
27-09-23 17:42:47,2618,2568,0,0,-21669,502,-100,763,0,0,318,0,1
27-09-23 17:42:52,2618,2568,0,0,-21669,502,-100,758,0,0,318,0,1
27-09-23 17:42:57,2618,2568,0,0,-21669,502,-100,753,0,0,318,0,1
27-09-23 17:43:02,2618,2568,0,0,-21669,502,-100,748,0,0,318,0,1
27-09-23 17:43:07,2618,2568,0,0,-21669,502,-100,743,0,0,318,0,1
27-09-23 17:43:12,2618,2568,0,0,-21669,502,-100,738,0,0,318,0,1
27-09-23 17:43:17,2618,2568,0,0,-21669,502,-100,733,0,0,317,0,1
27-09-23 17:43:22,2618,2568,0,0,-21669,502,-100,728,0,0,317,0,1
27-09-23 17:43:27,2618,2568,0,0,-21669,502,-100,723,0,0,317,0,1
27-09-23 17:43:32,2618,2568,0,0,-21669,502,-100,718,0,0,317,0,1
27-09-23 17:43:37,2618,2568,0,0,-21669,502,-100,713,0,0,317,0,1
27-09-23 17:43:42,2618,2568,0,0,-21669,502,-100,708,0,0,317,0,1
27-09-23 17:43:47,2618,2568,0,0,-21669,502,-100,703,0,0,317,0,1
27-09-23 17:43:52,2618,2568,0,0,-21669,502,-100,698,0,0,317,0,1
27-09-23 17:43:57,2618,2568,0,0,-21669,502,-100,693,0,0,317,0,1
27-09-23 17:44:02,2618,2568,0,0,-21669,502,-100,688,0,0,317,0,1
27-09-23 17:44:07,2618,2568,0,0,-21669,502,-100,683,0,0,317,0,1
27-09-23 17:44:12,2618,2568,0,0,-21669,502,-100,678,0,0,317,0,1
27-09-23 17:44:17,2618,2568,0,0,-21669,489,-100,678,0,0,317,0,1
27-09-23 17:44:17,2618,2568,0,0,-21669,489,-100,673,0,0,316,0,1
27-09-23 17:44:22,2618,2568,0,0,-21669,489,-100,668,0,0,316,0,1
27-09-23 17:44:27,2618,2568,0,0,-21669,489,-100,663,0,0,316,0,1
27-09-23 17:44:32,2618,2568,0,0,-21669,489,-100,658,0,0,316,0,1
27-09-23 17:44:37,2618,2568,0,0,-21669,489,-100,653,0,0,316,0,1
27-09-23 17:44:42,2618,2568,0,0,-21669,489,-100,648,0,0,316,0,1
27-09-23 17:44:47,2618,2568,0,0,-21669,489,-100,643,0,0,316,0,1
27-09-23 17:44:52,2618,2568,0,0,-21669,489,-100,638,0,0,316,0,1
27-09-23 17:44:57,2618,2568,0,0,-21669,489,-100,633,0,0,316,0,1
27-09-23 17:45:02,2618,2568,0,0,-21669,489,-100,628,0,0,316,0,1
27-09-23 17:45:07,2618,2568,0,0,-21669,489,-100,623,0,0,316,0,1
27-09-23 17:45:12,2618,2568,0,0,-21669,489,-100,618,0,0,316,0,1
27-09-23 17:45:17,2618,2568,0,0,-21669,489,-100,613,0,0,315,0,1
27-09-23 17:45:22,2618,2568,0,0,-21669,489,-100,608,0,0,315,0,1
27-09-23 17:45:27,2618,2568,0,0,-21669,489,-100,603,0,0,315,0,1
27-09-23 17:45:32,2618,2568,0,0,-21669,489,-100,598,0,0,315,0,1
27-09-23 17:45:37,2618,2568,0,0,-21669,489,-100,593,0,0,315,0,1
27-09-23 17:45:42,2618,2568,0,0,-21669,489,-100,588,0,0,315,0,1
27-09-23 17:45:47,2618,2568,0,0,-21669,489,-100,583,0,0,315,0,1
27-09-23 17:45:52,2618,2568,0,0,-21669,489,-100,578,0,0,315,0,1
27-09-23 17:45:57,2618,2568,0,0,-21669,489,-100,573,0,0,315,0,1
27-09-23 17:46:02,2618,2568,0,0,-21669,489,-100,568,0,0,315,0,1
27-09-23 17:46:07,2618,2568,0,0,-21669,489,-100,563,0,0,315,0,1
27-09-23 17:46:12,2618,2568,0,0,-21669,489,-100,558,0,0,315,0,1
27-09-23 17:46:17,2618,2568,0,0,-21669,489,-100,553,0,0,315,0,1
27-09-23 17:46:17,2618,2568,0,0,-21669,489,-100,553,0,0,314,0,1
27-09-23 17:46:22,2618,2568,0,0,-21669,489,-100,553,0,0,314,0,1
27-09-23 17:46:22,2618,2568,0,0,-21669,477,-100,548,0,0,314,0,1
27-09-23 17:46:27,2618,2568,0,0,-21669,477,-100,543,0,0,314,0,1
27-09-23 17:46:32,2618,2568,0,0,-21669,477,-100,538,0,0,314,0,1
27-09-23 17:46:37,2618,2568,0,0,-21669,477,-100,533,0,0,314,0,1
27-09-23 17:46:42,2618,2568,0,0,-21669,477,-100,528,0,0,314,0,1
27-09-23 17:46:47,2618,2568,0,0,-21669,477,-100,523,0,0,314,0,1
27-09-23 17:46:52,2618,2568,0,0,-21669,477,-100,518,0,0,314,0,1
27-09-23 17:46:57,2618,2568,0,0,-21669,477,-100,513,0,0,314,0,1
27-09-23 17:47:02,2618,2568,0,0,-21669,477,-100,508,0,0,314,0,1
27-09-23 17:47:07,2618,2568,0,0,-21669,477,-100,503,0,0,314,0,1
27-09-23 17:47:12,2618,2568,0,0,-21669,477,-100,498,0,0,314,0,1
27-09-23 17:47:17,2618,2568,0,0,-21669,477,-100,493,0,0,314,0,1
27-09-23 17:47:17,2618,2568,0,0,-21669,477,-100,493,0,0,313,0,1
27-09-23 17:47:22,2618,2568,0,0,-21669,477,-100,488,0,0,313,0,1
27-09-23 17:47:27,2618,2568,0,0,-21669,477,-100,483,0,0,313,0,1
27-09-23 17:47:32,2618,2568,0,0,-21669,477,-100,478,0,0,313,0,1
27-09-23 17:47:37,2618,2568,0,0,-21669,477,-100,473,0,0,313,0,1
27-09-23 17:47:42,2618,2568,0,0,-21669,477,-100,468,0,0,313,0,1
27-09-23 17:47:47,2618,2568,0,0,-21669,477,-100,463,0,0,313,0,1
27-09-23 17:47:52,2618,2568,0,0,-21669,477,-100,458,0,0,313,0,1
27-09-23 17:47:57,2618,2568,0,0,-21669,477,-100,453,0,0,313,0,1
27-09-23 17:48:02,2618,2568,0,0,-21669,477,-100,448,0,0,313,0,1
27-09-23 17:48:07,2618,2568,0,0,-21669,477,-100,443,0,0,313,0,1
27-09-23 17:48:12,2618,2568,0,0,-21669,477,-100,438,0,0,313,0,1
27-09-23 17:48:17,2618,2568,0,0,-21669,477,-100,433,0,0,313,0,1
27-09-23 17:48:17,2618,2568,0,0,-21669,477,-100,433,0,0,312,0,1
27-09-23 17:48:22,2618,2568,0,0,-21669,477,-100,428,0,0,312,0,1
27-09-23 17:48:27,2618,2568,0,0,-21669,477,-100,428,0,0,312,0,1
27-09-23 17:48:27,2618,2568,0,0,-21669,555,-100,423,0,0,312,0,1
27-09-23 17:48:32,2618,2568,0,0,-21669,555,-100,418,0,0,312,0,1
27-09-23 17:48:37,2618,2568,0,0,-21669,555,-100,413,0,0,312,0,1
27-09-23 17:48:42,2618,2568,0,0,-21669,555,-100,408,0,0,312,0,1
27-09-23 17:48:47,2618,2568,0,0,-21669,555,-100,403,0,0,312,0,1
27-09-23 17:48:52,2618,2568,0,0,-21669,555,-100,398,0,0,312,0,1
27-09-23 17:48:57,2618,2568,0,0,-21669,555,-100,393,0,0,312,0,1
27-09-23 17:49:02,2618,2568,0,0,-21669,555,-100,388,0,0,312,0,1
27-09-23 17:49:07,2618,2568,0,0,-21669,555,-100,383,0,0,312,0,1
27-09-23 17:49:12,2618,2568,0,0,-21669,555,-100,378,0,0,312,0,1
27-09-23 17:49:17,2618,2568,0,0,-21669,555,-100,373,0,0,312,0,1
27-09-23 17:49:17,2618,2568,0,0,-21669,555,-100,373,0,0,311,0,1
27-09-23 17:49:22,2618,2568,0,0,-21669,555,-100,368,0,0,311,0,1
27-09-23 17:49:22,2618,2568,0,0,-6254,555,-100,368,0,0,311,0,1
27-09-23 17:49:27,2618,2568,0,0,-6254,555,-100,363,0,0,311,0,1
27-09-23 17:49:32,2618,2568,0,0,-6254,555,-100,358,0,0,311,0,1
27-09-23 17:49:37,2618,2568,0,0,-6254,555,-100,353,0,0,311,0,1
27-09-23 17:49:42,2618,2568,0,0,-6254,555,-100,348,0,0,311,0,1
27-09-23 17:49:47,2618,2568,0,0,-6254,555,-100,343,0,0,311,0,1
27-09-23 17:49:52,2618,2568,0,0,-6254,555,-100,338,0,0,311,0,1
27-09-23 17:49:57,2618,2568,0,0,-6254,555,-100,333,0,0,311,0,1
27-09-23 17:50:02,2618,2568,0,0,-6254,555,-100,328,0,0,311,0,1
27-09-23 17:50:07,2618,2568,0,0,-6254,555,-100,323,0,0,311,0,1
27-09-23 17:50:12,2618,2568,0,0,-6254,555,-100,318,0,0,311,0,1
27-09-23 17:50:17,2618,2568,0,0,-6254,555,-100,313,0,0,311,0,1
27-09-23 17:50:17,2618,2568,0,0,-6254,555,-100,313,0,0,310,0,1
27-09-23 17:50:22,2618,2568,0,0,-6254,555,-100,308,0,0,310,0,1
27-09-23 17:50:27,2618,2568,0,0,-6254,555,-100,303,0,0,310,0,1
27-09-23 17:50:32,2618,2568,0,0,-6254,555,-100,303,0,0,310,0,1
27-09-23 17:50:32,2618,2568,0,0,-6254,555,-100,298,0,0,310,0,1
27-09-23 17:50:37,2618,2568,0,0,-6254,555,-100,293,0,0,310,0,1
27-09-23 17:50:42,2618,2568,0,0,-6254,555,-100,288,0,0,310,0,1
27-09-23 17:50:47,2618,2568,0,0,-6254,555,-100,283,0,0,310,0,1
27-09-23 17:50:52,2618,2568,0,0,-6254,555,-100,278,0,0,310,0,1
27-09-23 17:50:54,2575,2568,0,0,-6254,555,-100,278,0,0,310,0,1
27-09-23 17:50:54,2575,2525,0,0,-6254,555,-100,278,0,0,310,0,1
27-09-23 17:50:57,2575,2525,0,0,-6254,555,-100,273,0,0,310,0,1
27-09-23 17:51:02,2575,2525,0,0,-6254,555,-100,268,0,0,310,0,1
27-09-23 17:51:07,2575,2525,0,0,-6254,555,-100,263,0,0,310,0,1
27-09-23 17:51:12,2575,2525,0,0,-6254,555,-100,258,0,0,310,0,1
27-09-23 17:51:17,2575,2525,0,0,-6254,555,-100,253,0,0,310,0,1
27-09-23 17:51:17,2575,2525,0,0,-6254,555,-100,253,0,0,309,0,1
27-09-23 17:51:22,2575,2525,0,0,-6254,555,-100,248,0,0,309,0,1
27-09-23 17:51:27,2575,2525,0,0,-6254,555,-100,243,0,0,309,0,1
27-09-23 17:51:28,2575,2525,0,0,-6254,555,-100,243,0,0,309,0,1
27-09-23 17:51:32,2575,2525,0,0,-6254,555,-100,238,0,0,309,0,1
27-09-23 17:51:37,2575,2525,0,0,-6254,555,-100,233,0,0,309,0,1
27-09-23 17:51:42,2575,2525,0,0,-6254,555,-100,228,0,0,309,0,1
27-09-23 17:51:47,2575,2525,0,0,-6254,555,-100,223,0,0,309,0,1
27-09-23 17:51:52,2575,2525,0,0,-6254,555,-100,218,0,0,309,0,1
27-09-23 17:51:57,2575,2525,0,0,-6254,555,-100,213,0,0,309,0,1
27-09-23 17:52:02,2575,2525,0,0,-6254,555,-100,208,0,0,309,0,1
27-09-23 17:52:07,2575,2525,0,0,-6254,555,-100,203,0,0,309,0,1
27-09-23 17:52:12,2575,2525,0,0,-6254,555,-100,198,0,0,309,0,1
27-09-23 17:52:17,2575,2525,0,0,-6254,555,-100,193,0,0,309,0,1
27-09-23 17:52:17,2575,2525,0,0,-6254,555,-100,193,0,0,308,0,1
27-09-23 17:52:22,2575,2525,0,0,-6254,555,-100,188,0,0,308,0,1
27-09-23 17:52:27,2575,2525,0,0,-6254,555,-100,183,0,0,308,0,1
27-09-23 17:52:27,2575,2525,0,0,-6227,555,-100,183,0,0,308,0,1
27-09-23 17:52:32,2575,2525,0,0,-6227,555,-100,178,0,0,308,0,1
27-09-23 17:52:37,2575,2525,0,0,-6227,555,-100,178,0,0,308,0,1
27-09-23 17:52:37,2575,2525,0,0,-6227,558,-100,173,0,0,308,0,1
27-09-23 17:52:42,2575,2525,0,0,-6227,558,-100,168,0,0,308,0,1
27-09-23 17:52:47,2575,2525,0,0,-6227,558,-100,163,0,0,308,0,1
27-09-23 17:52:52,2575,2525,0,0,-6227,558,-100,158,0,0,308,0,1
27-09-23 17:52:57,2575,2525,0,0,-6227,558,-100,153,0,0,308,0,1
27-09-23 17:53:02,2575,2525,0,0,-6227,558,-100,148,0,0,308,0,1
27-09-23 17:53:07,2575,2525,0,0,-6227,558,-100,143,0,0,308,0,1
27-09-23 17:53:12,2575,2525,0,0,-6227,558,-100,138,0,0,308,0,1
27-09-23 17:53:17,2575,2525,0,0,-6227,558,-100,133,0,0,308,0,1
27-09-23 17:53:17,2575,2525,0,0,-6227,558,-100,133,0,0,307,0,1
27-09-23 17:53:22,2575,2525,0,0,-6227,558,-100,128,0,0,307,0,1
27-09-23 17:53:27,2575,2525,0,0,-6227,558,-100,123,0,0,307,0,1
27-09-23 17:53:32,2575,2525,0,0,-6227,558,-100,118,0,0,307,0,1
27-09-23 17:53:37,2575,2525,0,0,-6227,558,-100,113,0,0,307,0,1
27-09-23 17:53:42,2575,2525,0,0,-6227,558,-100,108,0,0,307,0,1
27-09-23 17:53:47,2575,2525,0,0,-6227,558,-100,103,0,0,307,0,1
27-09-23 17:53:52,2575,2525,0,0,-6227,558,-100,98,0,0,307,0,1
27-09-23 17:53:57,2575,2525,0,0,-6227,558,-100,93,0,0,307,0,1
27-09-23 17:54:02,2575,2525,0,0,-6227,558,-100,88,0,0,307,0,1
27-09-23 17:54:07,2575,2525,0,0,-6227,558,-100,83,0,0,307,0,1
27-09-23 17:54:12,2575,2525,0,0,-6227,558,-100,78,0,0,307,0,1
27-09-23 17:54:17,2575,2525,0,0,-6227,558,-100,73,0,0,307,0,1
27-09-23 17:54:17,2575,2525,0,0,-6227,558,-100,73,0,0,306,0,1
27-09-23 17:54:22,2575,2525,0,0,-6227,558,-100,68,0,0,306,0,1
27-09-23 17:54:27,2575,2525,0,0,-6227,558,-100,63,0,0,306,0,1
27-09-23 17:54:32,2575,2525,0,0,-6227,558,-100,58,0,0,306,0,1
27-09-23 17:54:37,2575,2525,0,0,-6227,558,-100,53,0,0,306,0,1
27-09-23 17:54:42,2575,2525,0,0,-6227,558,-100,53,0,0,306,0,1
27-09-23 17:54:42,2575,2525,0,0,-6227,592,-100,48,0,0,306,0,1
27-09-23 17:54:47,2575,2525,0,0,-6227,592,-100,43,0,0,306,0,1
27-09-23 17:54:52,2575,2525,0,0,-6227,592,-100,38,0,0,306,0,1
27-09-23 17:54:57,2575,2525,0,0,-6227,592,-100,33,0,0,306,0,1
27-09-23 17:55:02,2575,2525,0,0,-6227,592,-100,28,0,0,306,0,1
27-09-23 17:55:07,2575,2525,0,0,-6227,592,-100,23,0,0,306,0,1
27-09-23 17:55:12,2575,2525,0,0,-6227,592,-100,18,0,0,306,0,1
27-09-23 17:55:17,2575,2525,0,0,-6227,592,-100,13,0,0,306,0,1
27-09-23 17:55:17,2575,2525,0,0,-6227,592,-100,13,0,0,305,0,1
27-09-23 17:55:22,2575,2525,0,0,-6227,592,-100,8,0,0,305,0,1
27-09-23 17:55:27,2575,2525,0,0,-6227,592,-100,3,0,0,305,0,1
27-09-23 17:55:32,2575,2525,0,0,-6227,592,-100,-2,0,0,305,0,1
27-09-23 17:55:32,2575,2525,0,0,-21594,592,-100,-2,0,0,305,0,1
27-09-23 17:55:37,2575,2525,0,0,-21594,592,-100,0,0,0,305,0,1
27-09-23 17:56:12,2575,2525,0,0,-21594,592,-100,0,0,0,305,1,1
27-09-23 17:56:17,2575,2525,0,0,-21594,592,-100,0,0,0,304,1,1
27-09-23 17:56:47,2575,2525,0,0,-21594,592,-100,0,0,0,304,1,1
27-09-23 17:56:47,2575,2525,0,0,-21594,528,-100,0,0,0,304,1,1
27-09-23 17:57:17,2575,2525,0,0,-21594,528,-100,0,0,0,303,1,1
27-09-23 17:57:37,2575,2525,0,0,28431,528,-100,0,0,0,303,1,1
27-09-23 17:58:04,2562,2525,0,0,28431,528,-100,0,0,0,303,1,1
27-09-23 17:58:04,2562,2512,0,0,28431,528,-100,0,0,0,303,1,1
27-09-23 17:58:17,2562,2512,0,0,28431,528,-100,0,0,0,302,1,1
27-09-23 17:58:52,2562,2512,0,0,28431,528,-100,0,0,0,302,1,1
27-09-23 17:58:52,2562,2512,0,0,28431,459,-100,0,0,0,302,1,1
27-09-23 17:59:17,2562,2512,0,0,28431,459,-100,0,0,0,301,1,1
27-09-23 17:59:42,2562,2512,0,0,28431,459,-100,0,0,0,301,1,1
27-09-23 18:00:17,2562,2512,0,0,28431,459,-100,0,0,0,300,1,1
27-09-23 18:00:57,2562,2512,0,0,28431,459,-100,0,0,0,300,1,1
27-09-23 18:00:57,2562,2512,0,0,28431,465,-100,0,0,0,300,1,1
27-09-23 18:01:17,2562,2512,0,0,28431,465,-100,0,0,0,299,1,1
27-09-23 18:01:47,2562,2512,0,0,-21669,465,-100,0,0,0,299,1,1
27-09-23 18:02:17,2562,2512,0,0,-21669,465,-100,0,0,0,298,1,1
27-09-23 18:03:02,2562,2512,0,0,-21669,465,-100,0,0,0,298,1,1
27-09-23 18:03:02,2562,2512,0,0,-21669,450,-100,0,0,0,298,1,1
27-09-23 18:03:17,2562,2512,0,0,-21669,450,-100,0,0,0,297,1,1
27-09-23 18:03:52,2562,2512,0,0,-6158,450,-100,0,0,0,297,1,1
27-09-23 18:04:17,2562,2512,0,0,-6158,450,-100,0,0,0,296,1,1
27-09-23 18:05:07,2562,2512,0,0,-6158,450,-100,0,0,0,296,1,1
27-09-23 18:05:07,2562,2512,0,0,-6158,439,-100,0,0,0,296,1,1
27-09-23 18:05:17,2562,2512,0,0,-6158,439,-100,0,0,0,295,1,1
27-09-23 18:05:54,2556,2512,0,0,-6158,439,-100,0,0,0,295,1,1
27-09-23 18:05:54,2556,2512,0,0,-6158,439,-100,0,0,0,295,1,1
27-09-23 18:05:57,2556,2512,0,0,-6158,439,-100,1108,0,0,295,1,1
27-09-23 18:05:57,2556,2512,0,0,-6158,439,-100,1108,0,0,295,1,1
27-09-23 18:06:02,2556,2512,0,0,-6158,439,-100,1103,0,0,295,1,1
27-09-23 18:06:07,2556,2512,0,0,-6158,439,-100,1098,0,0,295,1,1
27-09-23 18:06:12,2556,2512,0,0,-6158,439,-100,1093,0,0,295,1,1
27-09-23 18:06:17,2556,2512,0,0,-6158,439,-100,1093,0,0,295,1,1
27-09-23 18:06:17,2556,2512,0,0,-6158,439,-100,1088,0,0,294,1,1
27-09-23 18:06:22,2556,2512,0,0,-6158,439,-100,1083,0,0,294,1,1
27-09-23 18:06:27,2556,2512,0,0,-6158,439,-100,1078,0,0,294,1,1
27-09-23 18:06:32,2556,2512,0,0,-6158,439,-100,1073,0,0,294,1,1
27-09-23 18:06:37,2556,2512,0,0,-6158,439,-100,1068,0,0,294,1,1
27-09-23 18:06:42,2556,2512,0,0,-6158,439,-100,1063,0,0,294,1,1
27-09-23 18:06:47,2556,2512,0,0,-6158,439,-100,1058,0,0,294,1,1
27-09-23 18:06:52,2556,2512,0,0,-6158,439,-100,1053,0,0,294,1,1
27-09-23 18:06:57,2556,2512,0,0,-6158,439,-100,1048,0,0,294,1,1
27-09-23 18:07:02,2556,2512,0,0,-6158,439,-100,1043,0,0,294,1,1
27-09-23 18:07:07,2556,2512,0,0,-6158,439,-100,1038,0,0,294,1,1
27-09-23 18:07:12,2556,2512,0,0,-6158,439,-100,1038,0,0,294,1,1
27-09-23 18:07:12,2556,2512,0,0,-6158,440,-100,1033,0,0,294,1,1
27-09-23 18:07:17,2556,2512,0,0,-6158,440,-100,1028,0,0,294,1,1
27-09-23 18:07:17,2556,2512,0,0,-6158,440,-100,1028,0,0,293,1,1
27-09-23 18:07:22,2556,2512,0,0,-6158,440,-100,1023,0,0,293,1,1
27-09-23 18:07:27,2556,2512,0,0,-6158,440,-100,1018,0,0,293,1,1
27-09-23 18:07:32,2556,2512,0,0,-6158,440,-100,1013,0,0,293,1,1
27-09-23 18:07:37,2556,2512,0,0,-6158,440,-100,1008,0,0,293,1,1
27-09-23 18:07:42,2556,2512,0,0,-6158,440,-100,1003,0,0,293,1,1
27-09-23 18:07:47,2556,2512,0,0,-6158,440,-100,998,0,0,293,1,1
27-09-23 18:07:52,2556,2512,0,0,-6158,440,-100,993,0,0,293,1,1
27-09-23 18:07:57,2556,2512,0,0,-6158,440,-100,988,0,0,293,1,1
27-09-23 18:08:02,2556,2512,0,0,-6158,440,-100,983,0,0,293,1,1
27-09-23 18:08:07,2556,2512,0,0,-6158,440,-100,978,0,0,293,1,1
27-09-23 18:08:12,2556,2512,0,0,-6158,440,-100,973,0,0,293,1,1
27-09-23 18:08:17,2556,2512,0,0,-6158,440,-100,968,0,0,293,1,1
27-09-23 18:08:17,2556,2512,0,0,-6158,440,-100,968,0,0,292,1,1
27-09-23 18:08:22,2556,2512,0,0,-6158,440,-100,963,0,0,292,1,1
27-09-23 18:08:27,2556,2512,0,0,-6158,440,-100,958,0,0,292,1,1
27-09-23 18:08:32,2556,2512,0,0,-6158,440,-100,953,0,0,292,1,1
27-09-23 18:08:37,2556,2512,0,0,-6158,440,-100,948,0,0,292,1,1
27-09-23 18:08:42,2556,2512,0,0,-6158,440,-100,943,0,0,292,1,1
27-09-23 18:08:47,2556,2512,0,0,-6158,440,-100,938,0,0,292,1,1
27-09-23 18:08:52,2556,2512,0,0,-6158,440,-100,933,0,0,292,1,1
27-09-23 18:08:57,2556,2512,0,0,-6158,440,-100,928,0,0,292,1,1
27-09-23 18:09:02,2556,2512,0,0,-6158,440,-100,923,0,0,292,1,1
27-09-23 18:09:02,2556,2512,0,0,-6179,440,-100,923,0,0,292,1,1
27-09-23 18:09:07,2556,2512,0,0,-6179,440,-100,918,0,0,292,1,1
27-09-23 18:09:12,2556,2512,0,0,-6179,440,-100,913,0,0,292,1,1
27-09-23 18:09:17,2556,2512,0,0,-6179,440,-100,913,0,0,292,1,1
27-09-23 18:09:17,2556,2512,0,0,-6179,427,-100,908,0,0,292,1,1
27-09-23 18:09:17,2556,2512,0,0,-6179,427,-100,908,0,0,291,1,1
27-09-23 18:09:22,2556,2512,0,0,-6179,427,-100,903,0,0,291,1,1
27-09-23 18:09:27,2556,2512,0,0,-6179,427,-100,898,0,0,291,1,1
27-09-23 18:09:32,2556,2512,0,0,-6179,427,-100,893,0,0,291,1,1
27-09-23 18:09:37,2556,2512,0,0,-6179,427,-100,888,0,0,291,1,1
27-09-23 18:09:42,2556,2512,0,0,-6179,427,-100,883,0,0,291,1,1
27-09-23 18:09:47,2556,2512,0,0,-6179,427,-100,878,0,0,291,1,1
27-09-23 18:09:52,2556,2512,0,0,-6179,427,-100,873,0,0,291,1,1
27-09-23 18:09:57,2556,2512,0,0,-6179,427,-100,868,0,0,291,1,1
27-09-23 18:10:02,2556,2512,0,0,-6179,427,-100,863,0,0,291,1,1
27-09-23 18:10:07,2556,2512,0,0,-6179,427,-100,858,0,0,291,1,1
27-09-23 18:10:12,2556,2512,0,0,-6179,427,-100,853,0,0,291,1,1
27-09-23 18:10:17,2556,2512,0,0,-6179,427,-100,848,0,0,291,1,1
27-09-23 18:10:17,2556,2512,0,0,-6179,427,-100,848,0,0,290,1,1
27-09-23 18:10:22,2556,2512,0,0,-6179,427,-100,843,0,0,290,1,1
27-09-23 18:10:27,2556,2512,0,0,-6179,427,-100,838,0,0,290,1,1
27-09-23 18:10:32,2556,2512,0,0,-6179,427,-100,833,0,0,290,1,1
27-09-23 18:10:37,2556,2512,0,0,-6179,427,-100,828,0,0,290,1,1
27-09-23 18:10:42,2556,2512,0,0,-6179,427,-100,823,0,0,290,1,1
27-09-23 18:10:47,2556,2512,0,0,-6179,427,-100,818,0,0,290,1,1
27-09-23 18:10:52,2556,2512,0,0,-6179,427,-100,813,0,0,290,1,1
27-09-23 18:10:57,2556,2512,0,0,-6179,427,-100,808,0,0,290,1,1
27-09-23 18:11:02,2556,2512,0,0,-6179,427,-100,803,0,0,290,1,1
27-09-23 18:11:07,2556,2512,0,0,-6179,427,-100,798,0,0,290,1,1
27-09-23 18:11:12,2556,2512,0,0,-6179,427,-100,793,0,0,290,1,1
27-09-23 18:11:17,2556,2512,0,0,-6179,427,-100,788,0,0,290,1,1
27-09-23 18:11:17,2556,2512,0,0,-6179,427,-100,788,0,0,289,1,1
27-09-23 18:11:22,2556,2512,0,0,-6179,427,-100,788,0,0,289,1,1
27-09-23 18:11:22,2556,2512,0,0,-6179,438,-100,783,0,0,289,1,1
27-09-23 18:11:27,2556,2512,0,0,-6179,438,-100,778,0,0,289,1,1
27-09-23 18:11:32,2556,2512,0,0,-6179,438,-100,773,0,0,289,1,1
27-09-23 18:11:37,2556,2512,0,0,-6179,438,-100,768,0,0,289,1,1
27-09-23 18:11:42,2556,2512,0,0,-6179,438,-100,763,0,0,289,1,1
27-09-23 18:11:47,2556,2512,0,0,-6179,438,-100,758,0,0,289,1,1
27-09-23 18:11:52,2556,2512,0,0,-6179,438,-100,753,0,0,289,1,1
27-09-23 18:11:57,2556,2512,0,0,-6179,438,-100,748,0,0,289,1,1
27-09-23 18:12:02,2556,2512,0,0,-6179,438,-100,743,0,0,289,1,1
27-09-23 18:12:07,2556,2512,0,0,-6179,438,-100,738,0,0,289,1,1
27-09-23 18:12:07,2556,2512,0,0,-21594,438,-100,738,0,0,289,1,1
27-09-23 18:12:12,2556,2512,0,0,-21594,438,-100,733,0,0,289,1,1
27-09-23 18:12:17,2556,2512,0,0,-21594,438,-100,728,0,0,289,1,1
27-09-23 18:12:17,2556,2512,0,0,-21594,438,-100,728,0,0,288,1,1
27-09-23 18:12:22,2556,2512,0,0,-21594,438,-100,723,0,0,288,1,1
27-09-23 18:12:27,2556,2512,0,0,-21594,438,-100,718,0,0,288,1,1
27-09-23 18:12:32,2556,2512,0,0,-21594,438,-100,713,0,0,288,1,1
27-09-23 18:12:37,2556,2512,0,0,-21594,438,-100,708,0,0,288,1,1
27-09-23 18:12:42,2556,2512,0,0,-21594,438,-100,703,0,0,288,1,1
27-09-23 18:12:47,2556,2512,0,0,-21594,438,-100,698,0,0,288,1,1
27-09-23 18:12:52,2556,2512,0,0,-21594,438,-100,693,0,0,288,1,1
27-09-23 18:12:57,2556,2512,0,0,-21594,438,-100,688,0,0,288,1,1
27-09-23 18:13:02,2556,2512,0,0,-21594,438,-100,683,0,0,288,1,1
27-09-23 18:13:07,2556,2512,0,0,-21594,438,-100,678,0,0,288,1,1
27-09-23 18:13:12,2556,2512,0,0,-21594,438,-100,673,0,0,288,1,1
27-09-23 18:13:17,2556,2512,0,0,-21594,438,-100,668,0,0,288,1,1
27-09-23 18:13:17,2556,2512,0,0,-21594,438,-100,668,0,0,287,1,1
27-09-23 18:13:22,2556,2512,0,0,-21594,438,-100,663,0,0,287,1,1
27-09-23 18:13:27,2556,2512,0,0,-21594,438,-100,663,0,0,287,1,1
27-09-23 18:13:27,2556,2512,0,0,-21594,439,-100,658,0,0,287,1,1
27-09-23 18:13:32,2556,2512,0,0,-21594,439,-100,653,0,0,287,1,1
27-09-23 18:13:37,2556,2512,0,0,-21594,439,-100,648,0,0,287,1,1
27-09-23 18:13:42,2556,2512,0,0,-21594,439,-100,643,0,0,287,1,1
27-09-23 18:13:47,2556,2512,0,0,-21594,439,-100,638,0,0,287,1,1
27-09-23 18:13:52,2556,2512,0,0,-21594,439,-100,633,0,0,287,1,1
27-09-23 18:13:57,2556,2512,0,0,-21594,439,-100,628,0,0,287,1,1
27-09-23 18:14:02,2556,2512,0,0,-21594,439,-100,623,0,0,287,1,1
27-09-23 18:14:07,2556,2512,0,0,-21594,439,-100,618,0,0,287,1,1
27-09-23 18:14:12,2556,2512,0,0,-21594,439,-100,613,0,0,287,1,1
27-09-23 18:14:17,2556,2512,0,0,-21594,439,-100,608,0,0,287,1,1
27-09-23 18:14:17,2556,2512,0,0,-21594,439,-100,608,0,0,286,1,1
27-09-23 18:14:22,2556,2512,0,0,-21594,439,-100,603,0,0,286,1,1
27-09-23 18:14:27,2556,2512,0,0,-21594,439,-100,598,0,0,286,1,1
27-09-23 18:14:32,2556,2512,0,0,-21594,439,-100,593,0,0,286,1,1
27-09-23 18:14:37,2556,2512,0,0,-21594,439,-100,588,0,0,286,1,1
27-09-23 18:14:42,2556,2512,0,0,-21594,439,-100,583,0,0,286,1,1
27-09-23 18:14:47,2556,2512,0,0,-21594,439,-100,578,0,0,286,1,1
27-09-23 18:14:52,2556,2512,0,0,-21594,439,-100,573,0,0,286,1,1
27-09-23 18:14:57,2556,2512,0,0,-21594,439,-100,568,0,0,286,1,1
27-09-23 18:15:02,2556,2512,0,0,-21594,439,-100,563,0,0,286,1,1
27-09-23 18:27:26,2562,2512,0,0,0,0,0,0,0,0,0,0,1
27-09-23 18:27:26,2562,2512,0,0,0,0,0,0,0,0,0,0,1
27-09-23 18:27:26,2562,2512,0,0,0,0,0,0,0,0,0,0,1
27-09-23 18:27:27,2562,2512,0,0,0,0,0,0,0,0,0,0,1
27-09-23 18:27:27,2562,2512,0,0,0,0,0,0,0,0,0,0,1
27-09-23 18:27:27,2562,2512,0,0,0,0,0,0,0,0,0,0,1
27-09-23 18:27:27,2562,2512,0,0,0,0,0,0,0,0,0,0,1
27-09-23 18:27:28,2562,2512,0,0,0,0,0,0,0,0,273,0,1
27-09-23 18:27:28,2562,2512,0,0,0,0,0,0,0,0,273,0,1
27-09-23 18:27:28,2562,2512,0,0,0,0,0,0,0,0,273,0,1
27-09-23 18:27:28,2562,2512,0,0,0,0,0,0,0,0,273,0,1
27-09-23 18:27:32,2562,2512,0,0,0,0,0,0,0,0,273,0,1
27-09-23 18:28:32,2562,2512,0,0,0,0,0,0,0,0,272,0,1
27-09-23 18:29:07,2562,2512,0,0,0,0,-100,0,0,0,272,0,1
27-09-23 18:29:08,2562,2512,0,0,24720,499,-100,0,0,0,272,0,1
27-09-23 18:29:32,2562,2512,0,0,24720,499,-100,0,0,0,271,0,1
27-09-23 18:29:43,2562,2512,2556,0,24720,499,-100,0,0,0,271,0,1
27-09-23 18:30:32,2562,2512,2556,0,24720,499,-100,0,0,0,270,0,1
27-09-23 18:31:12,2562,2512,2556,0,24720,499,-100,0,0,0,270,0,1
27-09-23 18:31:13,2562,2512,2556,0,24720,554,-100,0,0,0,270,0,1
27-09-23 18:31:32,2562,2512,2556,0,24720,554,-100,0,0,0,269,0,1
27-09-23 18:32:05,2550,2512,2556,0,24720,554,-100,0,0,0,269,0,1
27-09-23 18:32:06,2550,2512,2556,0,24720,554,-100,0,0,0,269,0,1
27-09-23 18:32:32,2550,2512,2556,0,24720,554,-100,0,0,0,268,0,1
27-09-23 18:33:17,2550,2512,2556,0,24720,554,-100,0,0,0,268,0,1
27-09-23 18:33:18,2550,2512,2556,0,24720,549,-100,0,0,0,268,0,1
27-09-23 18:33:32,2550,2512,2556,0,24720,549,-100,0,0,0,267,0,1
27-09-23 18:34:32,2550,2512,2556,0,24720,549,-100,0,0,0,266,0,1
27-09-23 18:35:22,2550,2512,2556,0,24720,549,-100,0,0,0,266,0,1
27-09-23 18:35:23,2550,2512,2556,0,24720,540,-100,0,0,0,266,0,1
27-09-23 18:35:32,2550,2512,2556,0,24720,540,-100,0,0,0,265,0,1
27-09-23 18:36:32,2550,2512,2556,0,24720,540,-100,0,0,0,264,0,1
27-09-23 18:37:07,2550,2512,2556,0,24720,540,-100,0,0,0,264,1,1
27-09-23 18:37:27,2550,2512,2556,0,24720,540,-100,0,0,0,264,1,1
27-09-23 18:37:28,2550,2512,2556,0,24720,566,-100,0,0,0,264,1,1
27-09-23 18:37:32,2550,2512,2556,0,24720,566,-100,0,0,0,263,1,1
27-09-23 18:38:38,0,0,0,0,0,0,0,0,0,0,262,0,0
27-09-23 18:38:42,2550,2512,2556,0,24720,566,-100,0,0,0,262,1,1
27-09-23 18:38:42,2550,2512,2556,0,24720,566,-100,0,0,0,262,1,1
27-09-23 18:38:42,2550,2512,2556,0,24720,566,-100,0,0,0,262,1,1
27-09-23 18:38:42,2550,2512,2556,0,24720,566,-100,0,0,0,262,1,1
27-09-23 18:38:43,2550,2512,2556,0,24720,566,-100,0,0,0,262,1,1
27-09-23 18:38:43,2550,2512,2556,0,24720,566,-100,0,0,0,262,1,1
27-09-23 18:38:43,2550,2512,2556,0,24720,566,-100,0,0,0,262,1,1
27-09-23 18:38:43,2550,2512,2556,0,24720,566,-100,0,0,0,262,1,1
27-09-23 18:38:44,2550,2512,2556,0,24720,566,-100,0,0,0,262,1,1
27-09-23 18:38:44,2550,2512,2556,0,24720,566,-100,0,0,0,262,1,1
27-09-23 18:38:44,2550,2512,2556,0,24720,566,-100,0,0,0,262,1,1
27-09-23 18:38:44,2550,2512,2556,0,24720,566,-100,0,0,0,262,1,1
27-09-23 18:38:45,2550,2512,2556,0,24720,566,-100,0,0,0,262,1,1
27-09-23 18:38:45,2550,2512,2556,0,24720,566,-100,0,0,0,262,1,1
27-09-23 18:39:33,2550,2512,2556,0,24720,599,-100,0,0,0,262,1,1
27-09-23 18:39:33,2550,2512,2556,0,621,599,-100,0,0,0,261,1,1
27-09-23 18:40:32,2550,2512,2556,0,621,599,-100,0,0,0,260,1,1
27-09-23 18:41:32,2550,2512,2556,0,621,599,-100,0,0,0,259,1,1
27-09-23 18:41:37,2550,2512,2556,0,621,599,-100,0,0,0,259,1,1
27-09-23 18:41:38,2550,2512,2556,0,635,512,-100,0,0,0,259,1,1
27-09-23 18:42:09,2550,2512,2556,0,635,512,-100,0,0,0,259,1,1
27-09-23 18:42:09,2550,2506,2556,0,635,512,-100,0,0,0,259,1,1
27-09-23 18:42:32,2550,2506,2556,0,635,512,-100,0,0,0,258,1,1
27-09-23 18:43:32,2550,2506,2556,0,635,512,-100,0,0,0,257,1,1
27-09-23 18:43:42,2550,2506,2556,0,635,512,-100,0,0,0,257,1,1
27-09-23 18:43:43,2550,2506,2556,0,621,527,-100,0,0,0,257,1,1
27-09-23 18:44:32,2550,2506,2556,0,621,527,-100,0,0,0,256,1,1
27-09-23 18:45:32,2550,2506,2556,0,621,527,-100,0,0,0,255,1,1
27-09-23 18:45:47,2550,2506,2556,0,621,527,-100,0,0,0,255,1,1
27-09-23 18:45:48,2550,2506,2556,0,375,-1,-100,0,0,0,255,1,1
27-09-23 18:46:32,2550,2506,2556,0,375,-1,-100,0,0,0,254,1,1
27-09-23 18:47:12,2550,2506,2556,0,375,-1,-100,0,0,0,254,1,1
27-09-23 18:47:32,2550,2506,2556,0,375,-1,-100,0,0,0,253,1,1
27-09-23 18:47:52,2550,2506,2556,0,375,-1,-100,0,0,0,253,1,1
27-09-23 18:47:53,2550,2506,2556,0,628,593,-100,0,0,0,253,1,1
27-09-23 18:48:32,2550,2506,2556,0,628,593,-100,0,0,0,252,1,1
27-09-23 18:49:32,2550,2506,2556,0,628,593,-100,0,0,0,251,1,1
27-09-23 18:49:57,2550,2506,2556,0,628,593,-100,0,0,0,251,1,1
27-09-23 18:49:58,2550,2506,2556,0,24720,573,-100,0,0,0,251,1,1
27-09-23 18:50:32,2550,2506,2556,0,24720,573,-100,0,0,0,250,1,1
27-09-23 18:51:32,2550,2506,2556,0,24720,573,-100,0,0,0,249,1,1
27-09-23 18:52:02,2550,2506,2556,0,24720,573,-100,0,0,0,249,1,1
27-09-23 18:52:03,2550,2506,2556,0,24720,568,-100,0,0,0,249,1,1
27-09-23 18:52:32,2550,2506,2556,0,24720,568,-100,0,0,0,248,1,1
27-09-23 18:53:32,2550,2506,2556,0,24720,568,-100,0,0,0,247,1,1
27-09-23 18:54:07,2550,2506,2556,0,24720,568,-100,0,0,0,247,1,1
27-09-23 18:54:08,2550,2506,2556,0,24720,575,-100,0,0,0,247,1,1
27-09-23 18:54:32,2550,2506,2556,0,24720,575,-100,0,0,0,246,1,1
27-09-23 18:55:32,2550,2506,2556,0,24720,575,-100,0,0,0,245,1,1
27-09-23 18:56:12,2550,2506,2556,0,24720,575,-100,0,0,0,245,1,1
27-09-23 18:56:13,2550,2506,2556,0,24720,562,-100,0,0,0,245,1,1
27-09-23 18:56:32,2550,2506,2556,0,24720,562,-100,0,0,0,244,1,1
27-09-23 18:57:09,2550,2506,2556,0,24720,562,-100,0,0,0,244,1,1
27-09-23 18:57:09,2550,2500,2556,0,24720,562,-100,0,0,0,244,1,1
27-09-23 18:57:17,2550,2500,2556,0,24720,562,-100,0,0,0,244,1,1
27-09-23 18:57:32,2550,2500,2556,0,24720,562,-100,0,0,0,243,1,1
27-09-23 18:58:17,2550,2500,2556,0,24720,562,-100,0,0,0,243,1,1
27-09-23 18:58:18,2550,2500,2556,0,24720,4805,-100,1108,0,0,243,1,1
27-09-23 18:58:18,2550,2500,2556,0,24693,4805,-100,1108,0,0,243,1,1
27-09-23 18:58:22,2550,2500,2556,0,24693,4805,-100,1103,0,0,243,1,1
27-09-23 18:58:27,2550,2500,2556,0,24693,4805,-100,1098,0,0,243,1,1
27-09-23 18:58:32,2550,2500,2556,0,24693,4805,-100,1093,0,0,243,1,1
27-09-23 18:58:32,2550,2500,2556,0,24693,4805,-100,1093,0,0,242,1,1
27-09-23 18:58:37,2550,2500,2556,0,24693,4805,-100,1088,0,0,242,1,1
27-09-23 18:58:42,2550,2500,2556,0,24693,4805,-100,1083,0,0,242,1,1
27-09-23 18:58:47,2550,2500,2556,0,24693,4805,-100,1078,0,0,242,1,1
27-09-23 18:58:52,2550,2500,2556,0,24693,4805,-100,1073,0,0,242,1,1
27-09-23 18:58:57,2550,2500,2556,0,24693,4805,-100,1068,0,0,242,1,1
27-09-23 18:59:02,2550,2500,2556,0,24693,4805,-100,1063,0,0,242,1,1
27-09-23 18:59:07,2550,2500,2556,0,24693,4805,-100,1058,0,0,242,1,1
27-09-23 18:59:12,2550,2500,2556,0,24693,4805,-100,1053,0,0,242,1,1
27-09-23 18:59:17,2550,2500,2556,0,24693,4805,-100,1048,0,0,242,1,1
27-09-23 18:59:22,2550,2500,2556,0,24693,4805,-100,1043,0,0,242,1,1
27-09-23 18:59:27,2550,2500,2556,0,24693,4805,-100,1038,0,0,242,1,1
27-09-23 18:59:32,2550,2500,2556,0,24693,4805,-100,1033,0,0,242,1,1
27-09-23 18:59:32,2550,2500,2556,0,24693,4805,-100,1033,0,0,241,1,1
27-09-23 18:59:37,2550,2500,2556,0,24693,4805,-100,1028,0,0,241,1,1
27-09-23 18:59:42,2550,2500,2556,0,24693,4805,-100,1023,0,0,241,1,1
27-09-23 18:59:47,2550,2500,2556,0,24693,4805,-100,1018,0,0,241,1,1
27-09-23 18:59:52,2550,2500,2556,0,24693,4805,-100,1013,0,0,241,1,1
27-09-23 18:59:57,2550,2500,2556,0,24693,4805,-100,1008,0,0,241,1,1
27-09-23 19:00:02,2550,2500,2556,0,24693,4805,-100,1003,0,0,241,1,1
27-09-23 19:00:07,2550,2500,2556,0,24693,4805,-100,998,0,0,241,1,1
27-09-23 19:00:12,2550,2500,2556,0,24693,4805,-100,993,0,0,241,1,1
27-09-23 19:00:17,2550,2500,2556,0,24693,4805,-100,988,0,0,241,1,1
27-09-23 19:00:22,2550,2500,2556,0,24693,4805,-100,988,0,0,241,1,1
27-09-23 19:00:23,2550,2500,2556,0,24693,4807,-100,983,0,0,241,1,1
27-09-23 19:00:27,2550,2500,2556,0,24693,4807,-100,978,0,0,241,1,1
27-09-23 19:00:32,2550,2500,2556,0,24693,4807,-100,973,0,0,241,1,1
27-09-23 19:00:32,2550,2500,2556,0,24693,4807,-100,973,0,0,240,1,1
27-09-23 19:00:37,2550,2500,2556,0,24693,4807,-100,968,0,0,240,1,1
27-09-23 19:00:42,2550,2500,2556,0,24693,4807,-100,963,0,0,240,1,1
27-09-23 19:00:47,2550,2500,2556,0,24693,4807,-100,958,0,0,240,1,1
27-09-23 19:00:52,2550,2500,2556,0,24693,4807,-100,953,0,0,240,1,1
27-09-23 19:00:57,2550,2500,2556,0,24693,4807,-100,948,0,0,240,1,1
27-09-23 19:01:02,2550,2500,2556,0,24693,4807,-100,943,0,0,240,1,1
27-09-23 19:01:07,2550,2500,2556,0,24693,4807,-100,938,0,0,240,1,1
27-09-23 19:01:12,2550,2500,2556,0,24693,4807,-100,933,0,0,240,1,1
27-09-23 19:01:17,2550,2500,2556,0,24693,4807,-100,928,0,0,240,1,1
27-09-23 19:01:22,2550,2500,2556,0,24693,4807,-100,923,0,0,240,1,1
27-09-23 19:01:22,2550,2500,2556,0,24693,4807,-100,923,0,0,240,1,1
27-09-23 19:01:27,2550,2500,2556,0,24693,4807,-100,918,0,0,240,1,1
27-09-23 19:01:32,2550,2500,2556,0,24693,4807,-100,913,0,0,240,1,1
27-09-23 19:01:32,2550,2500,2556,0,24693,4807,-100,913,0,0,239,1,1
27-09-23 19:01:37,2550,2500,2556,0,24693,4807,-100,908,0,0,239,1,1
27-09-23 19:01:42,2550,2500,2556,0,24693,4807,-100,903,0,0,239,1,1
27-09-23 19:01:47,2550,2500,2556,0,24693,4807,-100,898,0,0,239,1,1
27-09-23 19:01:52,2550,2500,2556,0,24693,4807,-100,893,0,0,239,1,1
27-09-23 19:01:57,2550,2500,2556,0,24693,4807,-100,888,0,0,239,1,1
27-09-23 19:02:02,2550,2500,2556,0,24693,4807,-100,883,0,0,239,1,1
27-09-23 19:02:07,2550,2500,2556,0,24693,4807,-100,878,0,0,239,1,1
27-09-23 19:02:12,2550,2500,2556,0,24693,4807,-100,873,0,0,239,1,1
27-09-23 19:02:17,2550,2500,2556,0,24693,4807,-100,868,0,0,239,1,1
27-09-23 19:02:22,2550,2500,2556,0,24693,4807,-100,863,0,0,239,1,1
27-09-23 19:02:27,2550,2500,2556,0,24693,4807,-100,863,0,0,239,1,1
27-09-23 19:02:28,2550,2500,2556,0,24693,4797,-100,858,0,0,239,1,1
27-09-23 19:02:32,2550,2500,2556,0,24693,4797,-100,853,0,0,239,1,1
27-09-23 19:02:32,2550,2500,2556,0,24693,4797,-100,853,0,0,238,1,1
27-09-23 19:02:37,2550,2500,2556,0,24693,4797,-100,848,0,0,238,1,1
27-09-23 19:02:42,2550,2500,2556,0,24693,4797,-100,843,0,0,238,1,1
27-09-23 19:02:47,2550,2500,2556,0,24693,4797,-100,838,0,0,238,1,1
27-09-23 19:02:52,2550,2500,2556,0,24693,4797,-100,833,0,0,238,1,1
27-09-23 19:02:57,2550,2500,2556,0,24693,4797,-100,828,0,0,238,1,1
27-09-23 19:03:02,2550,2500,2556,0,24693,4797,-100,823,0,0,238,1,1
27-09-23 19:03:07,2550,2500,2556,0,24693,4797,-100,818,0,0,238,1,1
27-09-23 19:03:12,2550,2500,2556,0,24693,4797,-100,813,0,0,238,1,1
27-09-23 19:03:17,2550,2500,2556,0,24693,4797,-100,808,0,0,238,1,1
27-09-23 19:03:22,2550,2500,2556,0,24693,4797,-100,803,0,0,238,1,1
27-09-23 19:03:27,2550,2500,2556,0,24693,4797,-100,798,0,0,238,1,1
27-09-23 19:03:32,2550,2500,2556,0,24693,4797,-100,793,0,0,238,1,1
27-09-23 19:03:32,2550,2500,2556,0,24693,4797,-100,793,0,0,237,1,1
27-09-23 19:03:37,2550,2500,2556,0,24693,4797,-100,788,0,0,237,1,1
27-09-23 19:03:42,2550,2500,2556,0,24693,4797,-100,783,0,0,237,1,1
27-09-23 19:03:47,2550,2500,2556,0,24693,4797,-100,778,0,0,237,1,1
27-09-23 19:03:52,2550,2500,2556,0,24693,4797,-100,773,0,0,237,1,1
27-09-23 19:03:57,2550,2500,2556,0,24693,4797,-100,768,0,0,237,1,1
27-09-23 19:04:02,2550,2500,2556,0,24693,4797,-100,763,0,0,237,1,1
27-09-23 19:04:07,2550,2500,2556,0,24693,4797,-100,758,0,0,237,1,1
27-09-23 19:04:12,2550,2500,2556,0,24693,4797,-100,753,0,0,237,1,1
27-09-23 19:04:17,2550,2500,2556,0,24693,4797,-100,748,0,0,237,1,1
27-09-23 19:04:22,2550,2500,2556,0,24693,4797,-100,743,0,0,237,1,1
27-09-23 19:04:27,2550,2500,2556,0,24693,4797,-100,738,0,0,237,1,1
27-09-23 19:04:27,2550,2500,2556,0,24693,4797,-100,738,0,0,237,1,1
27-09-23 19:04:32,2550,2500,2556,0,24693,4797,-100,738,0,0,237,1,1
27-09-23 19:04:33,2550,2500,2556,0,24693,4796,-100,733,0,0,237,1,1
27-09-23 19:04:33,2550,2500,2556,0,24693,4796,-100,733,0,0,236,1,1
27-09-23 19:04:37,2550,2500,2556,0,24693,4796,-100,728,0,0,236,1,1
27-09-23 19:04:42,2550,2500,2556,0,24693,4796,-100,723,0,0,236,1,1
27-09-23 19:04:47,2550,2500,2556,0,24693,4796,-100,718,0,0,236,1,1
27-09-23 19:04:52,2550,2500,2556,0,24693,4796,-100,713,0,0,236,1,1
27-09-23 19:04:57,2550,2500,2556,0,24693,4796,-100,708,0,0,236,1,1
27-09-23 19:05:02,2550,2500,2556,0,24693,4796,-100,703,0,0,236,1,1
27-09-23 19:05:07,2550,2500,2556,0,24693,4796,-100,698,0,0,236,1,1
27-09-23 19:05:12,2550,2500,2556,0,24693,4796,-100,693,0,0,236,1,1
27-09-23 19:05:17,2550,2500,2556,0,24693,4796,-100,688,0,0,236,1,1
27-09-23 19:05:22,2550,2500,2556,0,24693,4796,-100,683,0,0,236,1,1
27-09-23 19:05:27,2550,2500,2556,0,24693,4796,-100,678,0,0,236,1,1
27-09-23 19:05:32,2550,2500,2556,0,24693,4796,-100,673,0,0,236,1,1
27-09-23 19:05:32,2550,2500,2556,0,24693,4796,-100,673,0,0,235,1,1
27-09-23 19:05:37,2550,2500,2556,0,24693,4796,-100,668,0,0,235,1,1
27-09-23 19:05:42,2550,2500,2556,0,24693,4796,-100,663,0,0,235,1,1
27-09-23 19:05:47,2550,2500,2556,0,24693,4796,-100,658,0,0,235,1,1
27-09-23 19:05:52,2550,2500,2556,0,24693,4796,-100,653,0,0,235,1,1
27-09-23 19:05:57,2550,2500,2556,0,24693,4796,-100,648,0,0,235,1,1
27-09-23 19:06:02,2550,2500,2556,0,24693,4796,-100,643,0,0,235,1,1
27-09-23 19:06:07,2550,2500,2556,0,24693,4796,-100,638,0,0,235,1,1
27-09-23 19:06:12,2550,2500,2556,0,24693,4796,-100,633,0,0,235,1,1
27-09-23 19:06:17,2550,2500,2556,0,24693,4796,-100,628,0,0,235,1,1
27-09-23 19:06:22,2550,2500,2556,0,24693,4796,-100,623,0,0,235,1,1
27-09-23 19:06:27,2550,2500,2556,0,24693,4796,-100,618,0,0,235,1,1
27-09-23 19:06:32,2550,2500,2556,0,24693,4796,-100,613,0,0,235,1,1
27-09-23 19:06:32,2550,2500,2556,0,24693,4796,-100,613,0,0,234,1,1
27-09-23 19:06:37,2550,2500,2556,0,24693,4796,-100,613,200,0,234,1,1
27-09-23 19:06:38,2550,2500,2556,0,24693,543,-100,613,200,0,234,1,1
27-09-23 19:06:38,2550,2500,2556,0,24693,543,-100,608,200,0,234,1,1
27-09-23 19:06:42,2550,2500,2556,0,24693,543,-100,608,195,0,234,1,1
27-09-23 19:06:42,2550,2500,2556,0,24693,543,-100,603,195,0,234,1,1
27-09-23 19:06:47,2550,2500,2556,0,24693,543,-100,603,190,0,234,1,1
27-09-23 19:06:47,2550,2500,2556,0,24693,543,-100,598,190,0,234,1,1
27-09-23 19:06:52,2550,2500,2556,0,24693,543,-100,598,185,0,234,1,1
27-09-23 19:06:52,2550,2500,2556,0,24693,543,-100,593,185,0,234,1,1
27-09-23 19:06:57,2550,2500,2556,0,24693,543,-100,593,180,0,234,1,1
27-09-23 19:06:57,2550,2500,2556,0,24693,543,-100,588,180,0,234,1,1
27-09-23 19:07:02,2550,2500,2556,0,24693,543,-100,588,175,0,234,1,1
27-09-23 19:07:02,2550,2500,2556,0,24693,543,-100,583,175,0,234,1,1
27-09-23 19:07:07,2550,2500,2556,0,24693,543,-100,583,170,0,234,1,1
27-09-23 19:07:07,2550,2500,2556,0,24693,543,-100,578,170,0,234,1,1
27-09-23 19:07:12,2550,2500,2556,0,24693,543,-100,578,165,0,234,1,1
27-09-23 19:07:12,2550,2500,2556,0,24693,543,-100,573,165,0,234,1,1
27-09-23 19:07:17,2550,2500,2556,0,24693,543,-100,573,160,0,234,1,1
27-09-23 19:07:17,2550,2500,2556,0,24693,543,-100,568,160,0,234,1,1
27-09-23 19:07:22,2550,2500,2556,0,24693,543,-100,568,160,0,234,1,1
27-09-23 19:07:23,2550,2500,2556,0,24693,543,-100,563,155,0,234,1,1
27-09-23 19:07:27,2550,2500,2556,0,24693,543,-100,563,150,0,234,1,1
27-09-23 19:07:27,2550,2500,2556,0,24693,543,-100,558,150,0,234,1,1
27-09-23 19:07:32,2550,2500,2556,0,24693,543,-100,558,145,0,234,1,1
27-09-23 19:07:33,2550,2500,2556,0,24672,543,-100,553,145,0,234,1,1
27-09-23 19:07:33,2550,2500,2556,0,24672,543,-100,553,145,0,233,1,1
27-09-23 19:07:37,2550,2500,2556,0,24672,543,-100,553,140,0,233,1,1
27-09-23 19:07:37,2550,2500,2556,0,24672,543,-100,548,140,0,233,1,1
27-09-23 19:07:42,2550,2500,2556,0,24672,543,-100,548,135,0,233,1,1
27-09-23 19:07:42,2550,2500,2556,0,24672,543,-100,543,135,0,233,1,1
27-09-23 19:07:47,2550,2500,2556,0,24672,543,-100,543,130,0,233,1,1
27-09-23 19:07:47,2550,2500,2556,0,24672,543,-100,538,130,0,233,1,1
27-09-23 19:07:52,2550,2500,2556,0,24672,543,-100,538,125,0,233,1,1
27-09-23 19:07:52,2550,2500,2556,0,24672,543,-100,533,125,0,233,1,1
27-09-23 19:07:57,2550,2500,2556,0,24672,543,-100,533,120,0,233,1,1
27-09-23 19:07:57,2550,2500,2556,0,24672,543,-100,528,120,0,233,1,1
27-09-23 19:08:02,2550,2500,2556,0,24672,543,-100,528,115,0,233,1,1
27-09-23 19:08:02,2550,2500,2556,0,24672,543,-100,523,115,0,233,1,1
27-09-23 19:08:07,2550,2500,2556,0,24672,543,-100,523,110,0,233,1,1
27-09-23 19:08:07,2550,2500,2556,0,24672,543,-100,518,110,0,233,1,1
27-09-23 19:08:12,2550,2500,2556,0,24672,543,-100,518,105,0,233,1,1
27-09-23 19:08:12,2550,2500,2556,0,24672,543,-100,513,105,0,233,1,1
27-09-23 19:08:17,2550,2500,2556,0,24672,543,-100,513,100,0,233,1,1
27-09-23 19:08:17,2550,2500,2556,0,24672,543,-100,508,100,0,233,1,1
27-09-23 19:08:22,2550,2500,2556,0,24672,543,-100,508,95,0,233,1,1
27-09-23 19:08:22,2550,2500,2556,0,24672,543,-100,503,95,0,233,1,1
27-09-23 19:08:27,2550,2500,2556,0,24672,543,-100,503,90,0,233,1,1
27-09-23 19:08:27,2550,2500,2556,0,24672,543,-100,498,90,0,233,1,1
27-09-23 19:08:32,2550,2500,2556,0,24672,543,-100,498,85,0,233,1,1
27-09-23 19:08:33,2550,2500,2556,0,24672,543,-100,493,85,0,232,1,1
27-09-23 19:08:37,2550,2500,2556,0,24672,543,-100,493,80,0,232,1,1
27-09-23 19:08:37,2550,2500,2556,0,24672,543,-100,488,80,0,232,1,1
27-09-23 19:08:42,2550,2500,2556,0,24672,543,-100,488,75,0,232,1,1
27-09-23 19:08:42,2550,2500,2556,0,24672,543,-100,483,75,0,232,1,1
27-09-23 19:08:47,2550,2500,2556,0,24672,543,-100,483,70,0,232,1,1
27-09-23 19:08:47,2550,2500,2556,0,24672,543,-100,478,70,0,232,1,1
27-09-23 19:08:52,2550,2500,2556,0,24672,543,-100,478,65,0,232,1,1
27-09-23 19:08:52,2550,2500,2556,0,24672,543,-100,473,65,0,232,1,1
27-09-23 19:08:57,2550,2500,2556,0,24672,543,-100,473,60,0,232,1,1
27-09-23 19:08:57,2550,2500,2556,0,24672,543,-100,468,60,0,232,1,1
27-09-23 19:09:02,2550,2500,2556,0,24672,543,-100,468,55,0,232,1,1
27-09-23 19:09:02,2550,2500,2556,0,24672,543,-100,463,55,0,232,1,1
27-09-23 19:09:07,2550,2500,2556,0,24672,543,-100,463,50,0,232,1,1
27-09-23 19:09:07,2550,2500,2556,0,24672,543,-100,458,50,0,232,1,1
27-09-23 19:09:12,2550,2500,2556,0,24672,543,-100,458,45,0,232,1,1
27-09-23 19:09:12,2550,2500,2556,0,24672,543,-100,453,45,0,232,1,1
27-09-23 19:09:17,2550,2500,2556,0,24672,543,-100,453,40,0,232,1,1
27-09-23 19:09:17,2550,2500,2556,0,24672,543,-100,448,40,0,232,1,1
27-09-23 19:09:22,2550,2500,2556,0,24672,543,-100,448,35,0,232,1,1
27-09-23 19:09:22,2550,2500,2556,0,24672,543,-100,443,35,0,232,1,1
27-09-23 19:09:27,2550,2500,2556,0,24672,543,-100,443,30,0,232,1,1
27-09-23 19:09:27,2550,2500,2556,0,24672,543,-100,438,30,0,232,1,1
27-09-23 19:09:32,2550,2500,2556,0,24672,543,-100,438,25,0,232,1,1
27-09-23 19:09:33,2550,2500,2556,0,24672,543,-100,433,25,0,231,1,1
27-09-23 19:09:37,2550,2500,2556,0,24672,543,-100,433,20,0,231,1,1
27-09-23 19:09:37,2550,2500,2556,0,24672,543,-100,428,20,0,231,1,1
27-09-23 19:09:42,2550,2500,2556,0,24672,543,-100,428,15,0,231,1,1
27-09-23 19:09:43,2550,2500,2556,0,24672,547,-100,428,15,0,231,1,1
27-09-23 19:09:43,2550,2500,2556,0,24672,547,-100,423,15,0,231,1,1
27-09-23 19:09:47,2550,2500,2556,0,24672,547,-100,423,10,0,231,1,1
27-09-23 19:09:47,2550,2500,2556,0,24672,547,-100,418,10,0,231,1,1
27-09-23 19:09:52,2550,2500,2556,0,24672,547,-100,418,5,0,231,1,1
27-09-23 19:09:52,2550,2500,2556,0,24672,547,-100,413,5,0,231,1,1
27-09-23 19:09:57,2550,2500,2556,0,24672,547,-100,413,0,0,231,1,1
27-09-23 19:09:57,2550,2500,2556,0,24672,547,-100,408,0,0,231,1,1
27-09-23 19:10:02,2550,2500,2556,0,24672,547,-100,408,0,0,231,1,1
27-09-23 19:10:02,2550,2500,2556,0,24672,547,-100,403,0,0,231,1,1
27-09-23 19:10:07,2550,2500,2556,0,24672,547,-100,398,0,0,231,1,1
27-09-23 19:10:12,2550,2500,2556,0,24672,547,-100,393,0,0,231,1,1
27-09-23 19:10:17,2550,2500,2556,0,24672,547,-100,388,0,0,231,1,1
27-09-23 19:10:22,2550,2500,2556,0,24672,547,-100,383,0,0,231,1,1
27-09-23 19:10:27,2550,2500,2556,0,24672,547,-100,378,0,0,231,1,1
27-09-23 19:10:32,2550,2500,2556,0,24672,547,-100,373,0,0,231,1,1
27-09-23 19:10:32,2550,2500,2556,0,24672,547,-100,373,0,0,230,1,1
27-09-23 19:10:37,2550,2500,2556,0,24672,547,-100,368,0,0,230,1,1
27-09-23 19:10:37,2550,2500,2556,0,24720,547,-100,368,0,0,230,1,1
27-09-23 19:10:42,2550,2500,2556,0,24720,547,-100,363,0,0,230,1,1
27-09-23 19:10:47,2550,2500,2556,0,24720,547,-100,358,0,0,230,1,1
27-09-23 19:10:52,2550,2500,2556,0,24720,547,-100,353,0,0,230,1,1
27-09-23 19:10:57,2550,2500,2556,0,24720,547,-100,348,0,0,230,1,1
27-09-23 19:12:36,2550,2512,0,0,0,0,0,0,0,0,0,0,1
27-09-23 19:12:36,2550,2512,0,0,0,0,0,0,0,0,0,0,1
27-09-23 19:12:36,2550,2512,0,0,0,0,0,0,0,0,0,0,1
27-09-23 19:12:37,2550,2512,0,0,0,0,0,0,0,0,0,0,1
27-09-23 19:12:37,2550,2512,0,0,0,0,0,0,0,0,0,0,1
27-09-23 19:12:37,2550,2512,0,0,0,0,0,0,0,0,0,0,1
27-09-23 19:12:37,2550,2512,0,0,0,0,0,0,0,0,0,0,1
27-09-23 19:12:38,2550,2512,0,0,0,0,0,0,0,0,228,0,1
27-09-23 19:12:38,2550,2512,0,0,0,0,0,0,0,0,228,0,1
27-09-23 19:12:38,2550,2512,0,0,0,0,0,0,0,0,228,0,1
27-09-23 19:12:38,2550,2512,0,0,0,0,0,0,0,0,228,0,1
27-09-23 19:12:42,2550,2512,0,0,0,0,0,0,0,0,228,0,1
27-09-23 19:13:42,2550,2512,0,0,0,0,0,0,0,0,227,0,1
27-09-23 19:14:34,0,0,0,0,24720,482,-100,0,0,0,0,0,0
27-09-23 19:14:35,2550,2512,0,0,24720,482,-100,0,0,0,227,0,1
27-09-23 19:14:35,2550,2512,0,0,24720,482,-100,0,0,0,227,0,1
27-09-23 19:14:42,2550,2512,0,0,24720,482,-100,0,0,0,226,0,1
27-09-23 19:15:42,2550,2512,0,0,24720,482,-100,0,0,0,225,0,1
27-09-23 19:16:22,2550,2512,0,0,24720,536,-100,0,0,0,225,0,1
27-09-23 19:16:22,2550,2512,0,0,24720,536,-100,0,0,0,225,0,1
27-09-23 19:16:42,2550,2512,0,0,24720,536,-100,0,0,0,224,0,1
27-09-23 19:17:42,2550,2512,0,0,24720,536,-100,0,0,0,223,0,1
27-09-23 19:18:27,2550,2512,0,0,24720,566,-100,0,0,0,223,0,1
27-09-23 19:18:27,2550,2512,0,0,-26981,566,-100,0,0,0,223,0,1
27-09-23 19:18:42,2550,2512,0,0,-26981,566,-100,0,0,0,222,0,1
27-09-23 19:19:42,2550,2512,0,0,-26981,566,-100,0,0,0,221,0,1
27-09-23 19:20:32,2550,2512,0,0,-26981,554,-100,0,0,0,221,0,1
27-09-23 19:20:32,2550,2512,0,0,-14057,554,-100,0,0,0,221,0,1
27-09-23 19:20:42,2550,2512,0,0,-14057,554,-100,0,0,0,220,0,1
27-09-23 19:21:42,2550,2512,0,0,-14057,554,-100,0,0,0,219,0,1
27-09-23 19:22:17,2550,2512,0,0,-14057,554,-100,0,0,0,219,1,1
27-09-23 19:22:37,2550,2512,0,0,-14057,550,-100,0,0,0,219,1,1
27-09-23 19:22:37,2550,2512,0,0,-6302,550,-100,0,0,0,219,1,1
27-09-23 19:22:47,2550,2512,0,0,-6302,550,-100,0,0,0,218,1,1
27-09-23 19:23:47,2550,2512,0,0,-6302,550,-100,0,0,0,217,1,1
27-09-23 19:24:42,2550,2512,0,0,-6302,544,-100,0,0,0,217,1,1
27-09-23 19:24:42,2550,2512,0,0,-1127,544,-100,0,0,0,217,1,1
27-09-23 19:24:47,2550,2512,0,0,-1127,544,-100,0,0,0,216,1,1
27-09-23 19:25:47,2550,2512,0,0,-1127,544,-100,0,0,0,215,1,1
27-09-23 19:26:47,2550,2512,0,0,-1127,543,-100,0,0,0,215,1,1
27-09-23 19:26:47,2550,2512,0,0,2562,543,-100,0,0,0,214,1,1
27-09-23 19:27:19,2562,2525,0,0,2562,543,-100,0,0,0,214,1,1
27-09-23 19:27:47,2562,2525,0,0,2562,543,-100,0,0,0,213,1,1
27-09-23 19:28:47,2562,2525,0,0,2562,543,-100,0,0,0,212,1,1
27-09-23 19:28:52,2562,2525,0,0,2562,543,-100,0,500,0,212,1,1
27-09-23 19:28:52,2562,2525,0,0,5335,539,-100,0,500,0,212,1,1
27-09-23 19:28:57,2562,2525,0,0,5335,539,-100,0,496,0,212,1,1
27-09-23 19:29:02,2562,2525,0,0,5335,539,-100,0,491,0,212,1,1
27-09-23 19:29:07,2562,2525,0,0,5335,539,-100,0,486,0,212,1,1
27-09-23 19:29:12,2562,2525,0,0,5335,539,-100,0,481,0,212,1,1
27-09-23 19:29:17,2562,2525,0,0,5335,539,-100,0,476,0,212,1,1
27-09-23 19:29:22,2562,2525,0,0,5335,539,-100,0,471,0,212,1,1
27-09-23 19:29:27,2562,2525,0,0,5335,539,-100,0,466,0,212,1,1
27-09-23 19:29:32,2562,2525,0,0,5335,539,-100,0,461,0,212,1,1
27-09-23 19:29:37,2562,2525,0,0,5335,539,-100,0,456,0,212,1,1
27-09-23 19:29:42,2562,2525,0,0,5335,539,-100,0,451,0,212,1,1
27-09-23 19:29:47,2562,2525,0,0,5335,539,-100,0,446,0,211,1,1
27-09-23 19:29:52,2562,2525,0,0,5335,539,-100,0,441,0,211,1,1
27-09-23 19:29:57,2562,2525,0,0,5335,539,-100,0,436,0,211,1,1
27-09-23 19:30:02,2562,2525,0,0,5335,539,-100,0,431,0,211,1,1
27-09-23 19:30:28,0,0,0,0,0,0,0,0,406,0,0,0,0
27-09-23 19:30:28,2562,2525,0,0,5335,539,-100,0,406,0,211,1,1
27-09-23 19:30:32,2562,2525,0,0,5335,539,-100,0,400,0,211,1,1
27-09-23 19:30:37,2562,2525,0,0,5335,539,-100,0,395,0,211,1,1
27-09-23 19:30:42,2562,2525,0,0,5335,539,-100,0,390,0,211,1,1
27-09-23 19:30:47,2562,2525,0,0,5335,539,-100,0,385,0,210,1,1
27-09-23 19:30:52,2562,2525,0,0,5335,539,-100,0,380,0,210,1,1
27-09-23 19:30:57,2562,2525,0,0,7484,539,-100,0,375,0,210,1,1
27-09-23 19:31:02,2562,2525,0,0,7484,539,-100,0,370,0,210,1,1
27-09-23 19:31:07,2562,2525,0,0,7484,539,-100,0,365,0,210,1,1
27-09-23 19:31:12,2562,2525,0,0,7484,539,-100,0,360,0,210,1,1
27-09-23 19:31:17,2562,2525,0,0,7484,539,-100,0,355,0,210,1,1
27-09-23 19:31:22,2562,2525,0,0,7484,539,-100,0,350,0,210,1,1
27-09-23 19:31:27,2562,2525,0,0,7484,539,-100,0,345,0,210,1,1
27-09-23 19:31:32,2562,2525,0,0,7484,539,-100,0,340,0,210,1,1
27-09-23 19:31:37,2562,2525,0,0,7484,539,-100,0,335,0,210,1,1
27-09-23 19:31:42,2562,2525,0,0,7484,539,-100,0,330,0,210,1,1
27-09-23 19:31:47,2562,2525,0,0,7484,539,-100,0,325,0,209,1,1
27-09-23 19:31:52,2562,2525,0,0,7484,539,-100,0,320,0,209,1,1
27-09-23 19:31:57,2562,2525,0,0,7484,539,-100,0,315,0,209,1,1
27-09-23 19:31:57,2562,2525,0,0,7484,533,-100,0,315,0,209,1,1
27-09-23 19:32:02,2562,2525,0,0,7484,533,-100,0,310,0,209,1,1
27-09-23 19:32:07,2562,2525,0,0,7484,533,-100,0,305,0,209,1,1
27-09-23 19:32:12,2562,2525,0,0,7484,533,-100,0,300,0,209,1,1
27-09-23 19:32:17,2562,2525,0,0,7484,533,-100,0,295,0,209,1,1
27-09-23 19:32:22,2562,2525,0,0,7484,533,-100,0,290,0,209,1,1
27-09-23 19:32:27,2562,2525,0,0,7484,533,-100,0,285,0,209,1,1
27-09-23 19:32:32,2562,2525,0,0,7484,533,-100,0,280,0,209,1,1
27-09-23 19:32:37,2562,2525,0,0,7484,533,-100,0,275,0,209,1,1
27-09-23 19:32:42,2562,2525,0,0,7484,533,-100,0,270,0,209,1,1
27-09-23 19:32:47,2562,2525,0,0,7484,533,-100,0,265,0,208,1,1
27-09-23 19:32:52,2562,2525,0,0,7484,533,-100,0,260,0,208,1,1
27-09-23 19:32:57,2562,2525,0,0,7484,533,-100,0,255,0,208,1,1
27-09-23 19:33:02,2562,2525,0,0,9209,533,-100,0,250,0,208,1,1
27-09-23 19:33:07,2562,2525,0,0,9209,533,-100,0,245,0,208,1,1
27-09-23 19:33:12,2562,2525,0,0,9209,533,-100,0,240,0,208,1,1
27-09-23 19:33:17,2562,2525,0,0,9209,533,-100,0,235,0,208,1,1
27-09-23 19:33:22,2562,2525,0,0,9209,533,-100,0,230,0,208,1,1
27-09-23 19:33:27,2562,2525,0,0,9209,533,-100,0,225,0,208,1,1
27-09-23 19:33:32,2562,2525,0,0,9209,533,-100,0,220,0,208,1,1
27-09-23 19:33:37,2562,2525,0,0,9209,533,-100,0,215,0,208,1,1
27-09-23 19:33:42,2562,2525,0,0,9209,533,-100,0,210,0,208,1,1
27-09-23 19:33:47,2562,2525,0,0,9209,533,-100,0,205,0,207,1,1
27-09-23 19:33:52,2562,2525,0,0,9209,533,-100,0,200,0,207,1,1
27-09-23 19:33:57,2562,2525,0,0,9209,533,-100,0,195,0,207,1,1
27-09-23 19:34:02,2562,2525,0,0,9209,533,-100,0,190,0,207,1,1
27-09-23 19:34:07,2562,2525,0,0,9209,533,-100,0,185,0,207,1,1
27-09-23 19:34:12,2562,2525,0,0,9209,533,-100,0,180,0,207,1,1
27-09-23 19:34:17,2562,2525,0,0,9209,533,-100,0,175,0,207,1,1
27-09-23 19:34:22,2562,2525,0,0,9209,533,-100,0,170,0,207,1,1
27-09-23 19:34:27,2562,2525,0,0,9209,533,-100,0,165,0,207,1,1
27-09-23 19:34:32,2562,2525,0,0,9209,533,-100,0,160,0,207,1,1
27-09-23 19:34:37,2562,2525,0,0,9209,533,-100,0,155,0,207,1,1
27-09-23 19:34:42,2562,2525,0,0,9209,533,-100,0,150,0,207,1,1
27-09-23 19:34:47,2562,2525,0,0,9209,533,-100,0,145,0,206,1,1
27-09-23 19:34:52,2562,2525,0,0,9209,533,-100,0,140,0,206,1,1
27-09-23 19:34:57,2562,2525,0,0,9209,533,-100,0,135,0,206,1,1
27-09-23 19:35:02,2562,2525,0,0,9209,533,-100,0,130,0,206,1,1
27-09-23 19:35:02,2562,2525,0,0,9209,537,-100,0,130,0,206,1,1
27-09-23 19:35:07,2562,2525,0,0,9209,537,-100,0,125,0,206,1,1
27-09-23 19:35:12,2562,2525,0,0,9209,537,-100,0,120,0,206,1,1
27-09-23 19:35:17,2562,2525,0,0,9209,537,-100,0,115,0,206,1,1
27-09-23 19:35:22,2562,2525,0,0,9209,537,-100,0,110,0,206,1,1
27-09-23 19:35:27,2562,2525,0,0,9209,537,-100,0,105,0,206,1,1
27-09-23 19:35:32,2562,2525,0,0,9209,537,-100,0,100,0,206,1,1
27-09-23 19:35:37,2562,2525,0,0,9209,537,-100,0,95,0,206,1,1
27-09-23 19:35:42,2562,2525,0,0,9209,537,-100,0,90,0,206,1,1
27-09-23 19:35:47,2562,2525,0,0,9209,537,-100,0,85,0,205,1,1
27-09-23 19:35:52,2562,2525,0,0,9209,537,-100,0,80,0,205,1,1
27-09-23 19:35:57,2562,2525,0,0,9209,537,-100,0,75,0,205,1,1
27-09-23 19:36:02,2562,2525,0,0,9209,537,-100,0,70,0,205,1,1
27-09-23 19:36:07,2562,2525,0,0,9209,537,-100,0,65,0,205,1,1
27-09-23 19:36:12,2562,2525,0,0,9209,537,-100,0,60,0,205,1,1
27-09-23 19:36:17,2562,2525,0,0,9209,537,-100,0,55,0,205,1,1
27-09-23 19:36:22,2562,2525,0,0,9209,537,-100,0,50,0,205,1,1
27-09-23 19:36:27,2562,2525,0,0,9209,537,-100,0,45,0,205,1,1
27-09-23 19:36:32,2562,2525,0,0,9209,537,-100,0,40,0,205,1,1
27-09-23 19:36:37,2562,2525,0,0,9209,537,-100,0,35,0,205,1,1
27-09-23 19:36:42,2562,2525,0,0,9209,537,-100,0,30,0,205,1,1
27-09-23 19:36:47,2562,2525,0,0,9209,537,-100,0,25,0,204,1,1
27-09-23 19:36:52,2562,2525,0,0,9209,537,-100,0,20,0,204,1,1
27-09-23 19:36:57,2562,2525,0,0,9209,537,-100,0,15,0,204,1,1
27-09-23 19:37:02,2562,2525,0,0,9209,537,-100,0,10,0,204,1,1
27-09-23 19:37:07,2562,2525,0,0,9209,537,-100,0,5,0,204,1,1
27-09-23 19:37:12,2562,2525,0,0,9189,537,-100,0,0,0,204,1,1
27-09-23 19:37:17,2562,2525,0,0,9189,537,-100,0,0,0,204,1,1
27-09-23 19:37:22,2562,2525,0,0,9189,551,-100,0,0,0,204,1,1
27-09-23 19:37:47,2562,2525,0,0,9189,551,-100,0,0,0,203,1,1
27-09-23 19:38:47,2562,2525,0,0,9189,551,-100,0,0,0,202,1,1
27-09-23 19:39:17,2562,2525,0,0,24693,551,-100,0,0,0,202,1,1
27-09-23 19:39:27,2562,2525,0,0,24693,537,-100,0,0,0,202,1,1
27-09-23 19:39:47,2562,2525,0,0,24693,537,-100,0,0,0,201,1,1
27-09-23 19:40:47,2562,2525,0,0,24693,537,-100,0,0,0,200,1,1
27-09-23 19:41:22,2562,2525,0,0,24693,537,-100,0,0,0,200,1,1
27-09-23 19:41:32,2562,2525,0,0,24693,518,-100,0,0,0,200,1,1
27-09-23 19:41:47,2562,2525,0,0,24693,518,-100,0,0,0,199,1,1
27-09-23 19:42:19,2562,2518,0,0,24693,518,-100,0,0,0,199,1,1
27-09-23 19:42:27,2562,2518,0,0,24693,518,-100,0,0,0,199,1,1
27-09-23 19:42:47,2562,2518,0,0,24693,518,-100,0,0,0,198,1,1
27-09-23 19:43:27,2562,2518,0,0,24693,518,-100,1108,0,0,198,1,1
27-09-23 19:43:32,2562,2518,0,0,24693,518,-100,1103,0,0,198,1,1
27-09-23 19:43:37,2562,2518,0,0,24693,479,-100,1103,0,0,198,1,1
27-09-23 19:43:37,2562,2518,0,0,24693,479,-100,1098,0,0,198,1,1
27-09-23 19:43:42,2562,2518,0,0,24693,479,-100,1093,0,0,198,1,1
27-09-23 19:43:47,2562,2518,0,0,24693,479,-100,1088,0,0,197,1,1
27-09-23 19:43:52,2562,2518,0,0,24693,479,-100,1083,0,0,197,1,1
27-09-23 19:43:57,2562,2518,0,0,24693,479,-100,1078,0,0,197,1,1
27-09-23 19:44:02,2562,2518,0,0,24693,479,-100,1073,0,0,197,1,1
27-09-23 19:44:07,2562,2518,0,0,24693,479,-100,1068,0,0,197,1,1
27-09-23 19:44:12,2562,2518,0,0,24693,479,-100,1063,0,0,197,1,1
27-09-23 19:44:17,2562,2518,0,0,24693,479,-100,1058,0,0,197,1,1
27-09-23 19:44:22,2562,2518,0,0,24693,479,-100,1053,0,0,197,1,1
27-09-23 19:44:27,2562,2518,0,0,24693,479,-100,1048,0,0,197,1,1
27-09-23 19:44:32,2562,2518,0,0,24693,479,-100,1043,0,0,197,1,1
27-09-23 19:44:37,2562,2518,0,0,24693,479,-100,1038,0,0,197,1,1
27-09-23 19:44:42,2562,2518,0,0,24693,479,-100,1033,0,0,197,1,1
27-09-23 19:44:47,2562,2518,0,0,24693,479,-100,1028,0,0,196,1,1
27-09-23 19:44:52,2562,2518,0,0,24693,479,-100,1023,0,0,196,1,1
27-09-23 19:44:57,2562,2518,0,0,24693,479,-100,1018,0,0,196,1,1
27-09-23 19:45:02,2562,2518,0,0,24693,479,-100,1013,0,0,196,1,1
27-09-23 19:45:07,2562,2518,0,0,24693,479,-100,1008,0,0,196,1,1
27-09-23 19:45:12,2562,2518,0,0,24693,479,-100,1003,0,0,196,1,1
27-09-23 19:45:17,2562,2518,0,0,24693,479,-100,998,0,0,196,1,1
27-09-23 19:45:22,2562,2518,0,0,24693,479,-100,993,0,0,196,1,1
27-09-23 19:45:27,2562,2518,0,0,24693,479,-100,988,0,0,196,1,1
27-09-23 19:45:32,2562,2518,0,0,24693,479,-100,983,0,0,196,1,1
27-09-23 19:45:37,2562,2518,0,0,24693,479,-100,978,0,0,196,1,1
27-09-23 19:45:42,2562,2518,0,0,24693,483,-100,978,0,0,196,1,1
27-09-23 19:45:42,2562,2518,0,0,24693,483,-100,973,0,0,196,1,1
27-09-23 19:45:47,2562,2518,0,0,24693,483,-100,968,0,0,195,1,1
27-09-23 19:45:52,2562,2518,0,0,24693,483,-100,963,0,0,195,1,1
27-09-23 19:45:57,2562,2518,0,0,24693,483,-100,958,0,0,195,1,1
27-09-23 19:46:02,2562,2518,0,0,24693,483,-100,953,0,0,195,1,1
27-09-23 19:46:07,2562,2518,0,0,24693,483,-100,948,0,0,195,1,1
27-09-23 19:46:12,2562,2518,0,0,24693,483,-100,943,0,0,195,1,1
27-09-23 19:46:17,2562,2518,0,0,24693,483,-100,938,0,0,195,1,1
27-09-23 19:46:22,2562,2518,0,0,24693,483,-100,933,0,0,195,1,1
27-09-23 19:46:27,2562,2518,0,0,24693,483,-100,928,0,0,195,1,1
27-09-23 19:46:32,2562,2518,0,0,24693,483,-100,923,0,0,195,1,1
27-09-23 19:46:37,2562,2518,0,0,24693,483,-100,918,0,0,195,1,1
27-09-23 19:46:42,2562,2518,0,0,24693,483,-100,913,0,0,195,1,1
27-09-23 19:46:47,2562,2518,0,0,24693,483,-100,908,0,0,194,1,1
27-09-23 19:46:52,2562,2518,0,0,24693,483,-100,903,0,0,194,1,1
27-09-23 19:46:57,2562,2518,0,0,24693,483,-100,898,0,0,194,1,1
27-09-23 19:47:02,2562,2518,0,0,24693,483,-100,893,0,0,194,1,1
27-09-23 19:47:07,2562,2518,0,0,24693,483,-100,888,0,0,194,1,1
27-09-23 19:47:12,2562,2518,0,0,24693,483,-100,883,0,0,194,1,1
27-09-23 19:47:17,2562,2518,0,0,24693,483,-100,878,0,0,194,1,1
27-09-23 19:47:22,2562,2518,0,0,24693,483,-100,873,0,0,194,1,1
27-09-23 19:47:27,2562,2518,0,0,24693,483,-100,868,0,0,194,1,1
27-09-23 19:47:32,2562,2518,0,0,24693,483,-100,863,0,0,194,1,1
27-09-23 19:47:37,2562,2518,0,0,24693,483,-100,858,0,0,194,1,1
27-09-23 19:47:42,2562,2518,0,0,24693,483,-100,853,0,0,194,1,1
27-09-23 19:47:47,2562,2518,0,0,24693,446,-100,853,0,0,194,1,1
27-09-23 19:47:48,2562,2518,0,0,24693,446,-100,848,0,0,193,1,1
27-09-23 19:47:52,2562,2518,0,0,24693,446,-100,843,0,0,193,1,1
27-09-23 19:47:57,2562,2518,0,0,24693,446,-100,838,0,0,193,1,1
27-09-23 19:48:02,2562,2518,0,0,24693,446,-100,833,0,0,193,1,1
27-09-23 19:48:07,2562,2518,0,0,24693,446,-100,828,0,0,193,1,1
27-09-23 19:48:12,2562,2518,0,0,24693,446,-100,823,0,0,193,1,1
27-09-23 19:48:17,2562,2518,0,0,24693,446,-100,818,0,0,193,1,1
27-09-23 19:48:22,2562,2518,0,0,24693,446,-100,813,0,0,193,1,1
27-09-23 19:48:27,2562,2518,0,0,24693,446,-100,808,0,0,193,1,1
27-09-23 19:48:32,2562,2518,0,0,24693,446,-100,803,0,0,193,1,1
27-09-23 19:48:37,2562,2518,0,0,24693,446,-100,798,0,0,193,1,1
27-09-23 19:48:42,2562,2518,0,0,24693,446,-100,793,0,0,193,1,1
27-09-23 19:48:47,2562,2518,0,0,24693,446,-100,788,0,0,192,1,1
27-09-23 19:48:52,2562,2518,0,0,24693,446,-100,783,0,0,192,1,1
27-09-23 19:48:57,2562,2518,0,0,24693,446,-100,778,0,0,192,1,1
27-09-23 19:49:02,2562,2518,0,0,24693,446,-100,773,0,0,192,1,1
27-09-23 19:49:07,2562,2518,0,0,24693,446,-100,768,0,0,192,1,1
27-09-23 19:49:12,2562,2518,0,0,24693,446,-100,763,0,0,192,1,1
27-09-23 19:49:17,2562,2518,0,0,24693,446,-100,758,0,0,192,1,1
27-09-23 19:49:22,2562,2518,0,0,24693,446,-100,753,0,0,192,1,1
27-09-23 19:49:27,2562,2518,0,0,24693,446,-100,748,0,0,192,1,1
27-09-23 19:49:32,2562,2518,0,0,24693,446,-100,743,0,0,192,1,1
27-09-23 19:49:37,2562,2518,0,0,24672,446,-100,738,0,0,192,1,1
27-09-23 19:49:42,2562,2518,0,0,24672,446,-100,733,0,0,192,1,1
27-09-23 19:49:47,2562,2518,0,0,24672,446,-100,728,0,0,191,1,1
27-09-23 19:49:52,2562,2518,0,0,24672,453,-100,728,0,0,191,1,1
27-09-23 19:49:52,2562,2518,0,0,24672,453,-100,723,0,0,191,1,1
27-09-23 19:49:57,2562,2518,0,0,24672,453,-100,718,0,0,191,1,1
27-09-23 19:50:02,2562,2518,0,0,24672,453,-100,713,0,0,191,1,1
27-09-23 19:50:07,2562,2518,0,0,24672,453,-100,708,0,0,191,1,1
27-09-23 19:50:12,2562,2518,0,0,24672,453,-100,703,0,0,191,1,1
27-09-23 19:50:17,2562,2518,0,0,24672,453,-100,698,0,0,191,1,1
27-09-23 19:50:22,2562,2518,0,0,24672,453,-100,693,0,0,191,1,1
27-09-23 19:50:27,2562,2518,0,0,24672,453,-100,688,0,0,191,1,1
27-09-23 19:50:32,2562,2518,0,0,24672,453,-100,683,0,0,191,1,1
27-09-23 19:50:37,2562,2518,0,0,24672,453,-100,678,0,0,191,1,1
27-09-23 19:50:42,2562,2518,0,0,24672,453,-100,673,0,0,191,1,1
27-09-23 19:50:47,2562,2518,0,0,24672,453,-100,668,0,0,190,1,1
27-09-23 19:50:52,2562,2518,0,0,24672,453,-100,663,0,0,190,1,1
27-09-23 19:50:57,2562,2518,0,0,24672,453,-100,658,0,0,190,1,1
27-09-23 19:51:02,2562,2518,0,0,24672,453,-100,653,0,0,190,1,1
27-09-23 19:51:07,2562,2518,0,0,24672,453,-100,648,0,0,190,1,1
27-09-23 19:51:12,2562,2518,0,0,24672,453,-100,643,0,0,190,1,1
27-09-23 19:51:17,2562,2518,0,0,24672,453,-100,638,0,0,190,1,1
27-09-23 19:51:22,2562,2518,0,0,24672,453,-100,633,0,0,190,1,1
27-09-23 19:51:27,2562,2518,0,0,24672,453,-100,628,0,0,190,1,1
27-09-23 19:51:32,2562,2518,0,0,24672,453,-100,623,0,0,190,1,1
27-09-23 19:51:37,2562,2518,0,0,24672,453,-100,618,0,0,190,1,1
27-09-23 19:51:42,2562,2518,0,0,24672,453,-100,613,0,0,190,1,1
27-09-23 19:51:47,2562,2518,0,0,24672,453,-100,608,0,0,189,1,1
27-09-23 19:51:52,2562,2518,0,0,24672,453,-100,603,0,0,189,1,1
27-09-23 19:51:57,2562,2518,0,0,24672,458,-100,603,0,0,189,1,1
27-09-23 19:51:57,2562,2518,0,0,24672,458,-100,598,0,0,189,1,1
27-09-23 19:52:02,2562,2518,0,0,24672,458,-100,593,0,0,189,1,1
27-09-23 19:52:07,2562,2518,0,0,24672,458,-100,588,0,0,189,1,1
27-09-23 19:52:12,2562,2518,0,0,24672,458,-100,583,0,0,189,1,1
27-09-23 19:52:17,2562,2518,0,0,24672,458,-100,578,0,0,189,1,1
27-09-23 19:52:22,2562,2518,0,0,24672,458,-100,573,0,0,189,1,1
27-09-23 19:52:27,2562,2518,0,0,24672,458,-100,568,0,0,189,1,1
27-09-23 19:52:32,2562,2518,0,0,24672,458,-100,563,0,0,189,1,1
27-09-23 19:52:37,2562,2518,0,0,24672,458,-100,558,0,0,189,1,1
27-09-23 19:52:42,2562,2518,0,0,24693,458,-100,553,0,0,189,1,1
27-09-23 19:52:47,2562,2518,0,0,24693,458,-100,548,0,0,188,1,1
27-09-23 19:52:52,2562,2518,0,0,24693,458,-100,543,0,0,188,1,1
27-09-23 19:52:57,2562,2518,0,0,24693,458,-100,538,0,0,188,1,1
27-09-23 19:53:02,2562,2518,0,0,24693,458,-100,533,0,0,188,1,1
27-09-23 19:53:07,2562,2518,0,0,24693,458,-100,528,0,0,188,1,1
27-09-23 19:53:12,2562,2518,0,0,24693,458,-100,523,0,0,188,1,1
27-09-23 19:53:17,2562,2518,0,0,24693,458,-100,518,0,0,188,1,1
27-09-23 19:53:22,2562,2518,0,0,24693,458,-100,513,0,0,188,1,1
27-09-23 19:53:27,2562,2518,0,0,24693,458,-100,508,0,0,188,1,1
27-09-23 19:53:32,2562,2518,0,0,24693,458,-100,503,0,0,188,1,1
27-09-23 19:53:37,2562,2518,0,0,24693,458,-100,498,0,0,188,1,1
27-09-23 19:53:42,2562,2518,0,0,24693,458,-100,493,0,0,188,1,1
27-09-23 19:53:47,2562,2518,0,0,24693,458,-100,488,0,0,187,1,1
27-09-23 19:53:52,2562,2518,0,0,24693,458,-100,483,0,0,187,1,1
27-09-23 19:53:57,2562,2518,0,0,24693,458,-100,478,0,0,187,1,1
27-09-23 19:54:02,2562,2518,0,0,24693,458,-100,478,500,0,187,1,1
27-09-23 19:54:03,2562,2518,0,0,24693,461,-100,473,500,0,187,1,1
27-09-23 19:54:07,2562,2518,0,0,24693,461,-100,468,495,0,187,1,1
27-09-23 19:54:12,2562,2518,0,0,24693,461,-100,463,490,0,187,1,1
27-09-23 19:54:17,2562,2518,0,0,24693,461,-100,458,485,0,187,1,1
27-09-23 19:54:22,2562,2518,0,0,24693,461,-100,453,480,0,187,1,1
27-09-23 19:54:27,2562,2518,0,0,24693,461,-100,448,475,0,187,1,1
27-09-23 19:54:32,2562,2518,0,0,24693,461,-100,443,470,0,187,1,1
27-09-23 19:54:37,2562,2518,0,0,24693,461,-100,438,465,0,187,1,1
27-09-23 19:54:42,2562,2518,0,0,24693,461,-100,433,460,0,187,1,1
27-09-23 19:54:47,2562,2518,0,0,24693,461,-100,428,455,0,187,1,1
27-09-23 19:54:47,2562,2518,0,0,24693,461,-100,428,455,0,186,1,1
27-09-23 19:54:52,2562,2518,0,0,24693,461,-100,423,450,0,186,1,1
27-09-23 19:54:57,2562,2518,0,0,24693,461,-100,418,445,0,186,1,1
27-09-23 19:55:02,2562,2518,0,0,24693,461,-100,413,440,0,186,1,1
27-09-23 19:55:07,2562,2518,0,0,24693,461,-100,408,435,0,186,1,1
27-09-23 19:55:12,2562,2518,0,0,24693,461,-100,403,430,0,186,1,1
27-09-23 19:55:17,2562,2518,0,0,24693,461,-100,398,425,0,186,1,1
27-09-23 19:55:22,2562,2518,0,0,24693,461,-100,393,420,0,186,1,1
27-09-23 19:55:27,2562,2518,0,0,24693,461,-100,388,415,0,186,1,1
27-09-23 19:55:32,2562,2518,0,0,24693,461,-100,383,410,0,186,1,1
27-09-23 19:55:37,2562,2518,0,0,24693,461,-100,378,405,0,186,1,1
27-09-23 19:55:42,2562,2518,0,0,24693,461,-100,373,400,0,186,1,1
27-09-23 19:55:47,2562,2518,0,0,24693,461,-100,368,395,0,186,1,1
27-09-23 19:55:48,2562,2518,0,0,9189,461,-100,368,395,0,185,1,1
27-09-23 19:55:52,2562,2518,0,0,9189,461,-100,363,390,0,185,1,1
27-09-23 19:55:57,2562,2518,0,0,9189,461,-100,358,385,0,185,1,1
27-09-23 19:56:02,2562,2518,0,0,9189,461,-100,353,380,0,185,1,1
27-09-23 19:56:07,2562,2518,0,0,9189,461,-100,348,375,0,185,1,1
27-09-23 19:56:12,2562,2518,0,0,9189,461,-100,343,370,0,185,1,1
27-09-23 19:56:17,2562,2518,0,0,9189,461,-100,338,365,0,185,1,1
27-09-23 19:56:22,2562,2518,0,0,9189,461,-100,333,360,0,185,1,1
27-09-23 19:56:27,2562,2518,0,0,9189,461,-100,328,355,0,185,1,1
27-09-23 19:56:32,2562,2518,0,0,9189,461,-100,323,350,0,185,1,1
27-09-23 19:56:37,2562,2518,0,0,9189,461,-100,318,345,0,185,1,1
27-09-23 19:56:42,2562,2518,0,0,9189,461,-100,313,340,0,185,1,1
27-09-23 19:56:47,2562,2518,0,0,9189,461,-100,308,335,0,185,1,1
27-09-23 19:56:47,2562,2518,0,0,9189,461,-100,308,335,0,184,1,1
27-09-23 19:56:52,2562,2518,0,0,9189,461,-100,303,330,0,184,1,1
27-09-23 19:56:57,2562,2518,0,0,9189,461,-100,298,325,0,184,1,1
27-09-23 19:57:02,2562,2518,0,0,9189,461,-100,293,320,0,184,1,1
27-09-23 19:57:07,2562,2518,0,0,9189,461,-100,293,315,0,184,1,1
27-09-23 19:57:08,2562,2518,0,0,9189,395,-100,288,315,0,184,1,1
27-09-23 19:57:12,2562,2518,0,0,9189,395,-100,283,310,0,184,1,1
27-09-23 19:57:17,2562,2518,0,0,9189,395,-100,278,305,0,184,1,1
27-09-23 19:57:19,2562,2512,0,0,9189,395,-100,278,305,0,184,1,1
27-09-23 19:57:22,2562,2512,0,0,9189,395,-100,273,300,0,184,1,1
27-09-23 19:57:27,2562,2512,0,0,9189,395,-100,268,295,0,184,1,1
27-09-23 19:57:32,2562,2512,0,0,9189,395,-100,263,290,0,184,1,1
27-09-23 19:57:37,2562,2512,0,0,9189,395,-100,258,285,0,184,1,1
27-09-23 19:57:42,2562,2512,0,0,9189,395,-100,253,280,0,184,1,1
27-09-23 19:57:47,2562,2512,0,0,9189,395,-100,248,275,0,184,1,1
27-09-23 19:57:47,2562,2512,0,0,9189,395,-100,248,275,0,183,1,1
27-09-23 19:57:52,2562,2512,0,0,9189,395,-100,243,270,0,183,1,1
27-09-23 19:57:57,2562,2512,0,0,9189,395,-100,238,265,0,183,1,1
27-09-23 19:58:02,2562,2512,0,0,9189,395,-100,233,260,0,183,1,1
27-09-23 19:58:07,2562,2512,0,0,9189,395,-100,228,255,0,183,1,1
27-09-23 19:58:12,2562,2512,0,0,9189,395,-100,223,250,0,183,1,1
27-09-23 19:58:17,2562,2512,0,0,9189,395,-100,218,245,0,183,1,1
27-09-23 19:58:22,2562,2512,0,0,9189,395,-100,213,240,0,183,1,1
27-09-23 19:58:27,2562,2512,0,0,9189,395,-100,208,235,0,183,1,1
27-09-23 19:58:32,2562,2512,0,0,9189,395,-100,203,230,0,183,1,1
27-09-23 19:58:37,2562,2512,0,0,9189,395,-100,198,225,0,183,1,1
27-09-23 20:11:05,2562,2512,0,0,0,0,0,0,0,0,0,0,1
27-09-23 20:11:05,2562,2512,0,0,0,0,0,0,0,0,0,0,1
27-09-23 20:11:05,2562,2512,0,0,0,0,0,0,0,0,0,0,1
27-09-23 20:11:06,2562,2512,0,0,0,0,0,0,0,0,0,0,1
27-09-23 20:11:06,2562,2512,0,0,0,0,0,0,0,0,0,0,1
27-09-23 20:11:06,2562,2512,0,0,0,0,0,0,0,0,0,0,1
27-09-23 20:11:06,2562,2512,0,0,0,0,0,0,0,0,0,0,1
27-09-23 20:11:07,2562,2512,0,0,0,0,0,0,0,0,169,0,1
27-09-23 20:11:07,2562,2512,0,0,0,0,0,0,0,0,169,0,1
27-09-23 20:11:07,2562,2512,0,0,0,0,0,0,0,0,169,0,1
27-09-23 20:11:07,2562,2512,0,0,0,0,0,0,0,0,169,0,1
27-09-23 20:11:11,2562,2512,0,0,0,0,0,0,0,0,169,0,1
27-09-23 20:12:11,2562,2512,0,0,0,0,0,0,0,0,168,0,1
27-09-23 20:12:47,2562,2512,0,0,0,0,30,0,0,0,168,0,1
27-09-23 20:12:47,2562,2512,0,0,0,511,30,0,0,0,168,0,1
27-09-23 20:12:47,2562,2512,0,0,696,511,30,0,0,0,168,0,1
27-09-23 20:13:11,2562,2512,0,0,696,511,30,0,0,0,167,0,1
27-09-23 20:14:11,2562,2512,0,0,696,511,30,0,0,0,166,0,1
27-09-23 20:14:51,2562,2512,0,0,696,511,-100,0,0,0,166,0,1
27-09-23 20:14:52,2562,2512,0,0,12708,474,-100,0,0,0,166,0,1
27-09-23 20:15:11,2562,2512,0,0,12708,474,-100,0,0,0,165,0,1
27-09-23 20:16:35,2606,2543,0,0,0,0,0,0,0,0,0,0,1
27-09-23 20:16:35,2606,2543,0,0,0,0,0,0,0,0,0,0,1
27-09-23 20:16:35,2606,2543,0,0,0,0,0,0,0,0,0,0,1
27-09-23 20:16:36,2606,2543,0,0,0,0,0,0,0,0,0,0,1
27-09-23 20:16:36,2606,2543,0,0,0,0,0,0,0,0,0,0,1
27-09-23 20:16:36,2606,2543,0,0,0,0,0,0,0,0,0,0,1
27-09-23 20:16:36,2606,2543,0,0,0,0,0,0,0,0,0,0,1
27-09-23 20:16:37,2606,2543,0,0,0,0,0,0,0,0,164,0,1
27-09-23 20:16:37,2606,2543,0,0,0,0,0,0,0,0,164,0,1
27-09-23 20:16:37,2606,2543,0,0,0,0,0,0,0,0,164,0,1
27-09-23 20:16:37,2606,2543,0,0,0,0,0,0,0,0,164,0,1
27-09-23 20:16:41,2606,2543,0,0,0,0,0,0,0,0,164,0,1
27-09-23 20:17:41,2606,2543,0,0,0,0,0,0,0,0,163,0,1
27-09-23 20:18:16,2606,2543,0,0,0,0,-100,0,0,0,163,0,1
27-09-23 20:18:17,2606,2543,0,0,24480,264,-100,0,0,0,163,0,1
27-09-23 20:18:41,2606,2543,0,0,24480,264,-100,0,0,0,162,0,1
27-09-23 20:19:41,2606,2543,0,0,24480,264,-100,0,0,0,161,0,1
27-09-23 20:20:21,2606,2543,0,0,24480,264,-100,0,0,0,161,0,1
27-09-23 20:20:22,2606,2543,0,0,24597,369,-100,0,0,0,161,0,1
27-09-23 20:20:41,2606,2543,0,0,24597,369,-100,0,0,0,160,0,1
27-09-23 20:21:41,2606,2543,0,0,24597,369,-100,0,0,0,159,0,1
27-09-23 20:22:26,2606,2543,0,0,24597,369,-100,0,0,0,159,0,1
27-09-23 20:22:27,2606,2543,0,0,24638,416,-100,0,0,0,159,0,1
27-09-23 20:22:41,2606,2543,0,0,24638,416,-100,0,0,0,158,0,1
27-09-23 20:23:41,2606,2543,0,0,24638,416,-100,0,0,0,157,0,1
27-09-23 20:24:31,2606,2543,0,0,24638,416,-100,0,0,0,157,0,1
27-09-23 20:24:32,2606,2543,0,0,24658,453,-100,0,0,0,157,0,1
27-09-23 20:24:41,2606,2543,0,0,24658,453,-100,0,0,0,156,0,1
27-09-23 20:25:41,2606,2543,0,0,24658,453,-100,0,0,0,155,0,1
